Copyright 1986-2021 Xilinx, Inc. All Rights Reserved.
-----------------------------------------------------------------------------------------------------------------------------------
| Tool Version      : Vivado v.2021.2 (win64) Build 3367213 Tue Oct 19 02:48:09 MDT 2021
| Date              : Wed May 13 17:42:29 2026
| Host              : DESKTOP-03GC14L running 64-bit major release  (build 9200)
| Command           : report_timing_summary -name timing_1 -file D:/RICS_V_CNN/1DCNN_ACC/reports/timing_sweep/100MHz_v4_timing.rpt
| Design            : soc_top
| Device            : xcku040-ffva1156
| Speed File        : -2  PRODUCTION 1.25 12-04-2018
| Temperature Grade : I
-----------------------------------------------------------------------------------------------------------------------------------

Timing Summary Report

------------------------------------------------------------------------------------------------
| Timer Settings
| --------------
------------------------------------------------------------------------------------------------

  Enable Multi Corner Analysis               :  Yes
  Enable Pessimism Removal                   :  Yes
  Pessimism Removal Resolution               :  Nearest Common Node
  Enable Input Delay Default Clock           :  No
  Enable Preset / Clear Arcs                 :  No
  Disable Flight Delays                      :  No
  Ignore I/O Paths                           :  No
  Timing Early Launch at Borrowing Latches   :  No
  Borrow Time for Max Delay Exceptions       :  Yes
  Merge Timing Exceptions                    :  Yes

  Corner  Analyze    Analyze    
  Name    Max Paths  Min Paths  
  ------  ---------  ---------  
  Slow    Yes        Yes        
  Fast    Yes        Yes        


------------------------------------------------------------------------------------------------
| Report Methodology
| ------------------
------------------------------------------------------------------------------------------------

No report available as report_methodology has not been run prior. Run report_methodology on the current design for the summary of methodology violations.



check_timing report

Table of Contents
-----------------
1. checking no_clock (0)
2. checking constant_clock (0)
3. checking pulse_width_clock (0)
4. checking unconstrained_internal_endpoints (0)
5. checking no_input_delay (12)
6. checking no_output_delay (79)
7. checking multiple_clock (0)
8. checking generated_clocks (0)
9. checking loops (0)
10. checking partial_input_delay (0)
11. checking partial_output_delay (0)
12. checking latch_loops (0)

1. checking no_clock (0)
------------------------
 There are 0 register/latch pins with no clock.


2. checking constant_clock (0)
------------------------------
 There are 0 register/latch pins with constant_clock.


3. checking pulse_width_clock (0)
---------------------------------
 There are 0 register/latch pins which need pulse_width check


4. checking unconstrained_internal_endpoints (0)
------------------------------------------------
 There are 0 pins that are not constrained for maximum delay.

 There are 0 pins that are not constrained for maximum delay due to constant clock.


5. checking no_input_delay (12)
-------------------------------
 There are 12 input ports with no input delay specified. (HIGH)

 There are 0 input ports with no input delay but user has a false path constraint.


6. checking no_output_delay (79)
--------------------------------
 There are 79 ports with no output delay specified. (HIGH)

 There are 0 ports with no output delay but user has a false path constraint

 There are 0 ports with no output delay but with a timing clock defined on it or propagating through it


7. checking multiple_clock (0)
------------------------------
 There are 0 register/latch pins with multiple clocks.


8. checking generated_clocks (0)
--------------------------------
 There are 0 generated clocks that are not connected to a clock source.


9. checking loops (0)
---------------------
 There are 0 combinational loops in the design.


10. checking partial_input_delay (0)
------------------------------------
 There are 0 input ports with partial input delay specified.


11. checking partial_output_delay (0)
-------------------------------------
 There are 0 ports with partial output delay specified.


12. checking latch_loops (0)
----------------------------
 There are 0 combinational latch loops in the design through latch input



------------------------------------------------------------------------------------------------
| Design Timing Summary
| ---------------------
------------------------------------------------------------------------------------------------

    WNS(ns)      TNS(ns)  TNS Failing Endpoints  TNS Total Endpoints      WHS(ns)      THS(ns)  THS Failing Endpoints  THS Total Endpoints     WPWS(ns)     TPWS(ns)  TPWS Failing Endpoints  TPWS Total Endpoints  
    -------      -------  ---------------------  -------------------      -------      -------  ---------------------  -------------------     --------     --------  ----------------------  --------------------  
     -2.743     -768.830                    957                68384        0.013        0.000                      0                68384        4.020        0.000                       0                 18014  


Timing constraints are not met.


------------------------------------------------------------------------------------------------
| Clock Summary
| -------------
------------------------------------------------------------------------------------------------

Clock  Waveform(ns)       Period(ns)      Frequency(MHz)
-----  ------------       ----------      --------------
clk    {0.000 5.000}      10.000          100.000         


------------------------------------------------------------------------------------------------
| Intra Clock Table
| -----------------
------------------------------------------------------------------------------------------------

Clock             WNS(ns)      TNS(ns)  TNS Failing Endpoints  TNS Total Endpoints      WHS(ns)      THS(ns)  THS Failing Endpoints  THS Total Endpoints     WPWS(ns)     TPWS(ns)  TPWS Failing Endpoints  TPWS Total Endpoints  
-----             -------      -------  ---------------------  -------------------      -------      -------  ---------------------  -------------------     --------     --------  ----------------------  --------------------  
clk                -2.743     -768.830                    957                68384        0.013        0.000                      0                68384        4.020        0.000                       0                 18014  


------------------------------------------------------------------------------------------------
| Inter Clock Table
| -----------------
------------------------------------------------------------------------------------------------

From Clock    To Clock          WNS(ns)      TNS(ns)  TNS Failing Endpoints  TNS Total Endpoints      WHS(ns)      THS(ns)  THS Failing Endpoints  THS Total Endpoints  
----------    --------          -------      -------  ---------------------  -------------------      -------      -------  ---------------------  -------------------  


------------------------------------------------------------------------------------------------
| Other Path Groups Table
| -----------------------
------------------------------------------------------------------------------------------------

Path Group    From Clock    To Clock          WNS(ns)      TNS(ns)  TNS Failing Endpoints  TNS Total Endpoints      WHS(ns)      THS(ns)  THS Failing Endpoints  THS Total Endpoints  
----------    ----------    --------          -------      -------  ---------------------  -------------------      -------      -------  ---------------------  -------------------  


------------------------------------------------------------------------------------------------
| Timing Details
| --------------
------------------------------------------------------------------------------------------------


---------------------------------------------------------------------------------------------------
From Clock:  clk
  To Clock:  clk

Setup :          957  Failing Endpoints,  Worst Slack       -2.743ns,  Total Violation     -768.830ns
Hold  :            0  Failing Endpoints,  Worst Slack        0.013ns,  Total Violation        0.000ns
PW    :            0  Failing Endpoints,  Worst Slack        4.020ns,  Total Violation        0.000ns
---------------------------------------------------------------------------------------------------


Max Delay Paths
--------------------------------------------------------------------------------------
Slack (VIOLATED) :        -2.743ns  (required time - arrival time)
  Source:                 u_cnn_accelerator_top/u_feature_buffer/g_bank[1].u_bank_ram/u_bram_b/xpm_memory_base_inst/gen_wr_a.gen_word_narrow.mem_reg_0_6/CLKBWRCLK
                            (rising edge-triggered cell RAMB36E2 clocked by clk  {rise@0.000ns fall@5.000ns period=10.000ns})
  Destination:            u_cnn_accelerator_top/u_pointwise_conv_engine/acc_reg_reg[0][30]/D
                            (rising edge-triggered cell FDRE clocked by clk  {rise@0.000ns fall@5.000ns period=10.000ns})
  Path Group:             clk
  Path Type:              Setup (Max at Slow Process Corner)
  Requirement:            10.000ns  (clk rise@10.000ns - clk rise@0.000ns)
  Data Path Delay:        12.170ns  (logic 6.222ns (51.126%)  route 5.948ns (48.874%))
  Logic Levels:           21  (CARRY8=4 DSP_A_B_DATA=1 DSP_ALU=2 DSP_M_DATA=1 DSP_MULTIPLIER=1 DSP_OUTPUT=2 DSP_PREADD_DATA=1 LUT3=3 LUT4=1 LUT5=3 LUT6=2)
  Clock Path Skew:        -0.598ns (DCD - SCD + CPR)
    Destination Clock Delay (DCD):    3.562ns = ( 13.562 - 10.000 ) 
    Source Clock Delay      (SCD):    4.588ns
    Clock Pessimism Removal (CPR):    0.428ns
  Clock Uncertainty:      0.035ns  ((TSJ^2 + TIJ^2)^1/2 + DJ) / 2 + PE
    Total System Jitter     (TSJ):    0.071ns
    Total Input Jitter      (TIJ):    0.000ns
    Discrete Jitter          (DJ):    0.000ns
    Phase Error              (PE):    0.000ns
  Clock Net Delay (Source):      2.954ns (routing 0.906ns, distribution 2.048ns)
  Clock Net Delay (Destination): 2.284ns (routing 0.834ns, distribution 1.450ns)

    Location             Delay type                Incr(ns)  Path(ns)    Netlist Resource(s)
  -------------------------------------------------------------------    -------------------
                         (clock clk rise edge)        0.000     0.000 r  
    M25                                               0.000     0.000 r  clk (IN)
                         net (fo=0)                   0.000     0.000    clk_IBUF_inst/I
    M25                  INBUF (Prop_INBUF_HRIO_PAD_O)
                                                      0.801     0.801 r  clk_IBUF_inst/INBUF_INST/O
                         net (fo=1, routed)           0.092     0.893    clk_IBUF_inst/OUT
    M25                  IBUFCTRL (Prop_IBUFCTRL_HRIO_I_O)
                                                      0.043     0.936 r  clk_IBUF_inst/IBUFCTRL_INST/O
                         net (fo=1, routed)           0.615     1.551    clk_IBUF
    BUFGCE_X1Y24         BUFGCE (Prop_BUFCE_BUFGCE_I_O)
                                                      0.083     1.634 r  clk_IBUF_BUFG_inst/O
    X1Y2 (CLOCK_ROOT)    net (fo=19069, routed)       2.954     4.588    u_cnn_accelerator_top/u_feature_buffer/g_bank[1].u_bank_ram/u_bram_b/xpm_memory_base_inst/clka
    RAMB36_X6Y41         RAMB36E2                                     r  u_cnn_accelerator_top/u_feature_buffer/g_bank[1].u_bank_ram/u_bram_b/xpm_memory_base_inst/gen_wr_a.gen_word_narrow.mem_reg_0_6/CLKBWRCLK
  -------------------------------------------------------------------    -------------------
    RAMB36_X6Y41         RAMB36E2 (Prop_RAMB36E2_RAMB36_CLKBWRCLK_DOUTBDOUT[0])
                                                      1.433     6.021 r  u_cnn_accelerator_top/u_feature_buffer/g_bank[1].u_bank_ram/u_bram_b/xpm_memory_base_inst/gen_wr_a.gen_word_narrow.mem_reg_0_6/DOUTBDOUT[0]
                         net (fo=1, routed)           1.062     7.083    u_cnn_accelerator_top/u_feature_buffer/g_bank[1].u_bank_ram/doutb_b[6]
    SLICE_X46Y204        LUT3 (Prop_F6LUT_SLICEL_I0_O)
                                                      0.041     7.124 r  u_cnn_accelerator_top/u_feature_buffer/g_bank[1].u_bank_ram/val1[0][6]_i_10/O
                         net (fo=8, routed)           0.742     7.866    u_cnn_accelerator_top/u_feature_buffer/p_6_in[6]
    SLICE_X41Y165        LUT6 (Prop_C6LUT_SLICEL_I2_O)
                                                      0.040     7.906 r  u_cnn_accelerator_top/u_feature_buffer/val1[4][6]_i_3/O
                         net (fo=1, routed)           0.147     8.053    u_cnn_accelerator_top/u_feature_buffer/val1[4][6]_i_3_n_0
    SLICE_X41Y163        LUT5 (Prop_B6LUT_SLICEL_I3_O)
                                                      0.116     8.169 r  u_cnn_accelerator_top/u_feature_buffer/val1[4][6]_i_1/O
                         net (fo=23, routed)          0.667     8.836    u_cnn_accelerator_top/u_pointwise_conv_engine/feat_rd_data_flat[38]
    SLICE_X33Y169        LUT5 (Prop_G6LUT_SLICEL_I1_O)
                                                      0.040     8.876 r  u_cnn_accelerator_top/u_pointwise_conv_engine/p_2_out__155_i_11/O
                         net (fo=2, routed)           0.291     9.167    u_cnn_accelerator_top/u_pointwise_conv_engine/p_2_out__155_i_11_n_0
    SLICE_X33Y175        LUT3 (Prop_A6LUT_SLICEL_I2_O)
                                                      0.040     9.207 f  u_cnn_accelerator_top/u_pointwise_conv_engine/p_2_out__155_i_1/O
                         net (fo=36, routed)          0.517     9.724    u_cnn_accelerator_top/u_pointwise_conv_engine/p_2_out__156/A[16]
    DSP48E2_X4Y75        DSP_A_B_DATA (Prop_DSP_A_B_DATA_DSP48E2_A[16]_A2_DATA[16])
                                                      0.337    10.061 r  u_cnn_accelerator_top/u_pointwise_conv_engine/p_2_out__156/DSP_A_B_DATA_INST/A2_DATA[16]
                         net (fo=1, routed)           0.000    10.061    u_cnn_accelerator_top/u_pointwise_conv_engine/p_2_out__156/DSP_A_B_DATA.A2_DATA<16>
    DSP48E2_X4Y75        DSP_PREADD_DATA (Prop_DSP_PREADD_DATA_DSP48E2_A2_DATA[16]_A2A1[16])
                                                      0.155    10.216 r  u_cnn_accelerator_top/u_pointwise_conv_engine/p_2_out__156/DSP_PREADD_DATA_INST/A2A1[16]
                         net (fo=1, routed)           0.000    10.216    u_cnn_accelerator_top/u_pointwise_conv_engine/p_2_out__156/DSP_PREADD_DATA.A2A1<16>
    DSP48E2_X4Y75        DSP_MULTIPLIER (Prop_DSP_MULTIPLIER_DSP48E2_A2A1[16]_U[36])
                                                      0.866    11.082 f  u_cnn_accelerator_top/u_pointwise_conv_engine/p_2_out__156/DSP_MULTIPLIER_INST/U[36]
                         net (fo=1, routed)           0.000    11.082    u_cnn_accelerator_top/u_pointwise_conv_engine/p_2_out__156/DSP_MULTIPLIER.U<36>
    DSP48E2_X4Y75        DSP_M_DATA (Prop_DSP_M_DATA_DSP48E2_U[36]_U_DATA[36])
                                                      0.110    11.192 r  u_cnn_accelerator_top/u_pointwise_conv_engine/p_2_out__156/DSP_M_DATA_INST/U_DATA[36]
                         net (fo=1, routed)           0.000    11.192    u_cnn_accelerator_top/u_pointwise_conv_engine/p_2_out__156/DSP_M_DATA.U_DATA<36>
    DSP48E2_X4Y75        DSP_ALU (Prop_DSP_ALU_DSP48E2_U_DATA[36]_ALU_OUT[47])
                                                      0.702    11.894 f  u_cnn_accelerator_top/u_pointwise_conv_engine/p_2_out__156/DSP_ALU_INST/ALU_OUT[47]
                         net (fo=1, routed)           0.000    11.894    u_cnn_accelerator_top/u_pointwise_conv_engine/p_2_out__156/DSP_ALU.ALU_OUT<47>
    DSP48E2_X4Y75        DSP_OUTPUT (Prop_DSP_OUTPUT_DSP48E2_ALU_OUT[47]_PCOUT[47])
                                                      0.197    12.091 r  u_cnn_accelerator_top/u_pointwise_conv_engine/p_2_out__156/DSP_OUTPUT_INST/PCOUT[47]
                         net (fo=1, routed)           0.016    12.107    u_cnn_accelerator_top/u_pointwise_conv_engine/p_2_out__157/PCIN[47]
    DSP48E2_X4Y76        DSP_ALU (Prop_DSP_ALU_DSP48E2_PCIN[47]_ALU_OUT[2])
                                                      0.673    12.780 f  u_cnn_accelerator_top/u_pointwise_conv_engine/p_2_out__157/DSP_ALU_INST/ALU_OUT[2]
                         net (fo=1, routed)           0.000    12.780    u_cnn_accelerator_top/u_pointwise_conv_engine/p_2_out__157/DSP_ALU.ALU_OUT<2>
    DSP48E2_X4Y76        DSP_OUTPUT (Prop_DSP_OUTPUT_DSP48E2_ALU_OUT[2]_P[2])
                                                      0.193    12.973 r  u_cnn_accelerator_top/u_pointwise_conv_engine/p_2_out__157/DSP_OUTPUT_INST/P[2]
                         net (fo=2, routed)           0.856    13.829    u_cnn_accelerator_top/u_pointwise_conv_engine/p_2_out__157_n_103
    SLICE_X36Y175        CARRY8 (Prop_CARRY8_SLICEM_DI[3]_CO[7])
                                                      0.342    14.171 r  u_cnn_accelerator_top/u_pointwise_conv_engine/acc_reg_reg[0][31]_i_124/CO[7]
                         net (fo=1, routed)           0.027    14.198    u_cnn_accelerator_top/u_pointwise_conv_engine/acc_reg_reg[0][31]_i_124_n_0
    SLICE_X36Y176        CARRY8 (Prop_CARRY8_SLICEM_CI_O[0])
                                                      0.099    14.297 r  u_cnn_accelerator_top/u_pointwise_conv_engine/acc_reg_reg[0][31]_i_118/O[0]
                         net (fo=3, routed)           0.381    14.678    u_cnn_accelerator_top_n_2769
    SLICE_X39Y174        LUT5 (Prop_G6LUT_SLICEL_I1_O)
                                                      0.116    14.794 r  acc_reg[0][31]_i_149/O
                         net (fo=1, routed)           0.264    15.058    acc_reg[0][31]_i_149_n_0
    SLICE_X40Y173        LUT6 (Prop_A6LUT_SLICEM_I3_O)
                                                      0.115    15.173 r  acc_reg[0][31]_i_38/O
                         net (fo=1, routed)           0.000    15.173    u_cnn_accelerator_top/u_pointwise_conv_engine/acc_reg[0][31]_i_17_1[0]
    SLICE_X40Y173        CARRY8 (Prop_CARRY8_SLICEM_S[0]_O[3])
                                                      0.275    15.448 r  u_cnn_accelerator_top/u_pointwise_conv_engine/acc_reg_reg[0][31]_i_18/O[3]
                         net (fo=3, routed)           0.387    15.835    u_cnn_accelerator_top/u_pointwise_conv_engine/acc_reg_reg[0][31]_i_18_n_12
    SLICE_X45Y171        LUT3 (Prop_B6LUT_SLICEM_I0_O)
                                                      0.074    15.909 r  u_cnn_accelerator_top/u_pointwise_conv_engine/acc_reg[0][31]_i_5/O
                         net (fo=1, routed)           0.347    16.256    u_cnn_accelerator_top/u_pointwise_conv_engine/acc_reg[0][31]_i_5_n_0
    SLICE_X43Y171        CARRY8 (Prop_CARRY8_SLICEM_DI[4]_O[6])
                                                      0.218    16.474 r  u_cnn_accelerator_top/u_pointwise_conv_engine/acc_reg_reg[0][31]_i_2/O[6]
                         net (fo=1, routed)           0.222    16.696    u_cnn_accelerator_top/u_pointwise_conv_engine/acc_reg_reg[0][31]_i_2_n_9
    SLICE_X42Y171        LUT4 (Prop_E6LUT_SLICEM_I3_O)
                                                      0.040    16.736 r  u_cnn_accelerator_top/u_pointwise_conv_engine/acc_reg[0][30]_i_1/O
                         net (fo=1, routed)           0.022    16.758    u_cnn_accelerator_top/u_pointwise_conv_engine/p_1_in__0[30]
    SLICE_X42Y171        FDRE                                         r  u_cnn_accelerator_top/u_pointwise_conv_engine/acc_reg_reg[0][30]/D
  -------------------------------------------------------------------    -------------------

                         (clock clk rise edge)       10.000    10.000 r  
    M25                                               0.000    10.000 r  clk (IN)
                         net (fo=0)                   0.000    10.000    clk_IBUF_inst/I
    M25                  INBUF (Prop_INBUF_HRIO_PAD_O)
                                                      0.588    10.588 r  clk_IBUF_inst/INBUF_INST/O
                         net (fo=1, routed)           0.059    10.647    clk_IBUF_inst/OUT
    M25                  IBUFCTRL (Prop_IBUFCTRL_HRIO_I_O)
                                                      0.032    10.679 r  clk_IBUF_inst/IBUFCTRL_INST/O
                         net (fo=1, routed)           0.524    11.203    clk_IBUF
    BUFGCE_X1Y24         BUFGCE (Prop_BUFCE_BUFGCE_I_O)
                                                      0.075    11.278 r  clk_IBUF_BUFG_inst/O
    X1Y2 (CLOCK_ROOT)    net (fo=19069, routed)       2.284    13.562    u_cnn_accelerator_top/u_pointwise_conv_engine/clk_IBUF_BUFG
    SLICE_X42Y171        FDRE                                         r  u_cnn_accelerator_top/u_pointwise_conv_engine/acc_reg_reg[0][30]/C
                         clock pessimism              0.428    13.990    
                         clock uncertainty           -0.035    13.954    
    SLICE_X42Y171        FDRE (Setup_EFF_SLICEM_C_D)
                                                      0.060    14.014    u_cnn_accelerator_top/u_pointwise_conv_engine/acc_reg_reg[0][30]
  -------------------------------------------------------------------
                         required time                         14.014    
                         arrival time                         -16.758    
  -------------------------------------------------------------------
                         slack                                 -2.743    





Min Delay Paths
--------------------------------------------------------------------------------------
Slack (MET) :             0.013ns  (arrival time - required time)
  Source:                 u_cnn_accelerator_top/u_pointwise_conv_engine/wb_pos_reg[0][8]/C
                            (rising edge-triggered cell FDRE clocked by clk  {rise@0.000ns fall@5.000ns period=10.000ns})
  Destination:            u_cnn_accelerator_top/u_pointwise_conv_engine/wb_pos_reg[3][8]_srl3___u_cnn_accelerator_top_u_pointwise_conv_engine_g_requant_r_0/D
                            (rising edge-triggered cell SRL16E clocked by clk  {rise@0.000ns fall@5.000ns period=10.000ns})
  Path Group:             clk
  Path Type:              Hold (Min at Slow Process Corner)
  Requirement:            0.000ns  (clk rise@0.000ns - clk rise@0.000ns)
  Data Path Delay:        0.403ns  (logic 0.107ns (26.551%)  route 0.296ns (73.449%))
  Logic Levels:           0  
  Clock Path Skew:        0.086ns (DCD - SCD - CPR)
    Destination Clock Delay (DCD):    4.294ns
    Source Clock Delay      (SCD):    3.630ns
    Clock Pessimism Removal (CPR):    0.577ns
  Clock Net Delay (Source):      2.352ns (routing 0.834ns, distribution 1.518ns)
  Clock Net Delay (Destination): 2.660ns (routing 0.906ns, distribution 1.754ns)

    Location             Delay type                Incr(ns)  Path(ns)    Netlist Resource(s)
  -------------------------------------------------------------------    -------------------
                         (clock clk rise edge)        0.000     0.000 r  
    M25                                               0.000     0.000 r  clk (IN)
                         net (fo=0)                   0.000     0.000    clk_IBUF_inst/I
    M25                  INBUF (Prop_INBUF_HRIO_PAD_O)
                                                      0.588     0.588 r  clk_IBUF_inst/INBUF_INST/O
                         net (fo=1, routed)           0.059     0.647    clk_IBUF_inst/OUT
    M25                  IBUFCTRL (Prop_IBUFCTRL_HRIO_I_O)
                                                      0.032     0.679 r  clk_IBUF_inst/IBUFCTRL_INST/O
                         net (fo=1, routed)           0.524     1.203    clk_IBUF
    BUFGCE_X1Y24         BUFGCE (Prop_BUFCE_BUFGCE_I_O)
                                                      0.075     1.278 r  clk_IBUF_BUFG_inst/O
    X1Y2 (CLOCK_ROOT)    net (fo=19069, routed)       2.352     3.630    u_cnn_accelerator_top/u_pointwise_conv_engine/clk_IBUF_BUFG
    SLICE_X17Y135        FDRE                                         r  u_cnn_accelerator_top/u_pointwise_conv_engine/wb_pos_reg[0][8]/C
  -------------------------------------------------------------------    -------------------
    SLICE_X17Y135        FDRE (Prop_AFF2_SLICEM_C_Q)
                                                      0.107     3.737 r  u_cnn_accelerator_top/u_pointwise_conv_engine/wb_pos_reg[0][8]/Q
                         net (fo=1, routed)           0.296     4.033    u_cnn_accelerator_top/u_pointwise_conv_engine/wb_pos_reg[0]_47[8]
    SLICE_X17Y130        SRL16E                                       r  u_cnn_accelerator_top/u_pointwise_conv_engine/wb_pos_reg[3][8]_srl3___u_cnn_accelerator_top_u_pointwise_conv_engine_g_requant_r_0/D
  -------------------------------------------------------------------    -------------------

                         (clock clk rise edge)        0.000     0.000 r  
    M25                                               0.000     0.000 r  clk (IN)
                         net (fo=0)                   0.000     0.000    clk_IBUF_inst/I
    M25                  INBUF (Prop_INBUF_HRIO_PAD_O)
                                                      0.801     0.801 r  clk_IBUF_inst/INBUF_INST/O
                         net (fo=1, routed)           0.092     0.893    clk_IBUF_inst/OUT
    M25                  IBUFCTRL (Prop_IBUFCTRL_HRIO_I_O)
                                                      0.043     0.936 r  clk_IBUF_inst/IBUFCTRL_INST/O
                         net (fo=1, routed)           0.615     1.551    clk_IBUF
    BUFGCE_X1Y24         BUFGCE (Prop_BUFCE_BUFGCE_I_O)
                                                      0.083     1.634 r  clk_IBUF_BUFG_inst/O
    X1Y2 (CLOCK_ROOT)    net (fo=19069, routed)       2.660     4.294    u_cnn_accelerator_top/u_pointwise_conv_engine/clk_IBUF_BUFG
    SLICE_X17Y130        SRL16E                                       r  u_cnn_accelerator_top/u_pointwise_conv_engine/wb_pos_reg[3][8]_srl3___u_cnn_accelerator_top_u_pointwise_conv_engine_g_requant_r_0/CLK
                         clock pessimism             -0.577     3.716    
    SLICE_X17Y130        SRL16E (Hold_H6LUT_SLICEM_CLK_D)
                                                      0.304     4.020    u_cnn_accelerator_top/u_pointwise_conv_engine/wb_pos_reg[3][8]_srl3___u_cnn_accelerator_top_u_pointwise_conv_engine_g_requant_r_0
  -------------------------------------------------------------------
                         required time                         -4.020    
                         arrival time                           4.033    
  -------------------------------------------------------------------
                         slack                                  0.013    





Pulse Width Checks
--------------------------------------------------------------------------------------
Clock Name:         clk
Waveform(ns):       { 0.000 5.000 }
Period(ns):         10.000
Sources:            { clk }

Check Type        Corner  Lib Pin             Reference Pin  Required(ns)  Actual(ns)  Slack(ns)  Location      Pin
Min Period        n/a     RAMB36E2/CLKARDCLK  n/a            1.961         10.000      8.039      RAMB36_X1Y10  u_cnn_accelerator_top/u_input_buffer/mem_reg_bram_0/CLKARDCLK
Low Pulse Width   Slow    RAMB36E2/CLKARDCLK  n/a            0.980         5.000       4.020      RAMB36_X1Y10  u_cnn_accelerator_top/u_input_buffer/mem_reg_bram_0/CLKARDCLK
High Pulse Width  Slow    RAMB36E2/CLKARDCLK  n/a            0.980         5.000       4.020      RAMB36_X1Y10  u_cnn_accelerator_top/u_input_buffer/mem_reg_bram_0/CLKARDCLK



