Copyright 1986-2021 Xilinx, Inc. All Rights Reserved.
--------------------------------------------------------------------------------------------------------------
| Tool Version : Vivado v.2021.2 (win64) Build 3367213 Tue Oct 19 02:48:09 MDT 2021
| Date         : Wed May 13 11:22:31 2026
| Host         : DESKTOP-03GC14L running 64-bit major release  (build 9200)
| Command      : report_utilization -file D:/RICS_V_CNN/1DCNN_ACC/reports/timing_sweep/100MHz_utilization.rpt
| Design       : soc_top
| Device       : xcku040-ffva1156-2-i
| Speed File   : -2
| Design State : Synthesized
--------------------------------------------------------------------------------------------------------------

Utilization Design Information

Table of Contents
-----------------
1. CLB Logic
1.1 Summary of Registers by Type
2. BLOCKRAM
3. ARITHMETIC
4. I/O
5. CLOCK
6. ADVANCED
7. CONFIGURATION
8. Primitives
9. Black Boxes
10. Instantiated Netlists

1. CLB Logic
------------

+----------------------------+-------+-------+------------+-----------+-------+
|          Site Type         |  Used | Fixed | Prohibited | Available | Util% |
+----------------------------+-------+-------+------------+-----------+-------+
| CLB LUTs*                  | 27900 |     0 |          0 |    242400 | 11.51 |
|   LUT as Logic             | 25675 |     0 |          0 |    242400 | 10.59 |
|   LUT as Memory            |  2225 |     0 |          0 |    112800 |  1.97 |
|     LUT as Distributed RAM |  2048 |     0 |            |           |       |
|     LUT as Shift Register  |   177 |     0 |            |           |       |
| CLB Registers              | 12524 |     0 |          0 |    484800 |  2.58 |
|   Register as Flip Flop    | 12524 |     0 |          0 |    484800 |  2.58 |
|   Register as Latch        |     0 |     0 |          0 |    484800 |  0.00 |
| CARRY8                     |  1934 |     0 |          0 |     30300 |  6.38 |
| F7 Muxes                   |  1559 |     0 |          0 |    121200 |  1.29 |
| F8 Muxes                   |   712 |     0 |          0 |     60600 |  1.17 |
| F9 Muxes                   |   256 |     0 |          0 |     30300 |  0.84 |
+----------------------------+-------+-------+------------+-----------+-------+
* Warning! The Final LUT count, after physical optimizations and full implementation, is typically lower. Run opt_design after synthesis, if not already completed, for a more realistic count.


1.1 Summary of Registers by Type
--------------------------------

+-------+--------------+-------------+--------------+
| Total | Clock Enable | Synchronous | Asynchronous |
+-------+--------------+-------------+--------------+
| 0     |            _ |           - |            - |
| 0     |            _ |           - |          Set |
| 0     |            _ |           - |        Reset |
| 0     |            _ |         Set |            - |
| 0     |            _ |       Reset |            - |
| 0     |          Yes |           - |            - |
| 0     |          Yes |           - |          Set |
| 4     |          Yes |           - |        Reset |
| 15    |          Yes |         Set |            - |
| 12505 |          Yes |       Reset |            - |
+-------+--------------+-------------+--------------+


2. BLOCKRAM
-----------

+-------------------+------+-------+------------+-----------+-------+
|     Site Type     | Used | Fixed | Prohibited | Available | Util% |
+-------------------+------+-------+------------+-----------+-------+
| Block RAM Tile    |  231 |     0 |          0 |       600 | 38.50 |
|   RAMB36/FIFO*    |  231 |     0 |          0 |       600 | 38.50 |
|     RAMB36E2 only |  231 |       |            |           |       |
|   RAMB18          |    0 |     0 |          0 |      1200 |  0.00 |
+-------------------+------+-------+------------+-----------+-------+
* Note: Each Block RAM Tile only has one FIFO logic available and therefore can accommodate only one FIFO36E2 or one FIFO18E2. However, if a FIFO18E2 occupies a Block RAM Tile, that tile can still accommodate a RAMB18E2


3. ARITHMETIC
-------------

+----------------+------+-------+------------+-----------+-------+
|    Site Type   | Used | Fixed | Prohibited | Available | Util% |
+----------------+------+-------+------------+-----------+-------+
| DSPs           |  424 |     0 |          0 |      1920 | 22.08 |
|   DSP48E2 only |  424 |       |            |           |       |
+----------------+------+-------+------------+-----------+-------+


4. I/O
------

+------------+------+-------+------------+-----------+-------+
|  Site Type | Used | Fixed | Prohibited | Available | Util% |
+------------+------+-------+------------+-----------+-------+
| Bonded IOB |   93 |     0 |          0 |       520 | 17.88 |
+------------+------+-------+------------+-----------+-------+


5. CLOCK
--------

+----------------------+------+-------+------------+-----------+-------+
|       Site Type      | Used | Fixed | Prohibited | Available | Util% |
+----------------------+------+-------+------------+-----------+-------+
| GLOBAL CLOCK BUFFERs |    1 |     0 |          0 |       480 |  0.21 |
|   BUFGCE             |    1 |     0 |          0 |       240 |  0.42 |
|   BUFGCE_DIV         |    0 |     0 |          0 |        40 |  0.00 |
|   BUFG_GT            |    0 |     0 |          0 |       120 |  0.00 |
|   BUFGCTRL*          |    0 |     0 |          0 |        80 |  0.00 |
| PLLE3_ADV            |    0 |     0 |          0 |        20 |  0.00 |
| MMCME3_ADV           |    0 |     0 |          0 |        10 |  0.00 |
+----------------------+------+-------+------------+-----------+-------+
* Note: Each used BUFGCTRL counts as two GLOBAL CLOCK BUFFERs. This table does not include global clocking resources, only buffer cell usage. See the Clock Utilization Report (report_clock_utilization) for detailed accounting of global clocking resource availability.


6. ADVANCED
-----------

+-----------------+------+-------+------------+-----------+-------+
|    Site Type    | Used | Fixed | Prohibited | Available | Util% |
+-----------------+------+-------+------------+-----------+-------+
| GTHE3_CHANNEL   |    0 |     0 |          0 |        20 |  0.00 |
| GTHE3_COMMON    |    0 |     0 |          0 |         5 |  0.00 |
| IBUFDS_GTE3     |    0 |     0 |          0 |        10 |  0.00 |
| OBUFDS_GTE3     |    0 |     0 |          0 |        10 |  0.00 |
| OBUFDS_GTE3_ADV |    0 |     0 |          0 |        10 |  0.00 |
| PCIE_3_1        |    0 |     0 |          0 |         3 |  0.00 |
| SYSMONE1        |    0 |     0 |          0 |         1 |  0.00 |
+-----------------+------+-------+------------+-----------+-------+


7. CONFIGURATION
----------------

+-------------+------+-------+------------+-----------+-------+
|  Site Type  | Used | Fixed | Prohibited | Available | Util% |
+-------------+------+-------+------------+-----------+-------+
| BSCANE2     |    0 |     0 |          0 |         4 |  0.00 |
| DNA_PORTE2  |    0 |     0 |          0 |         1 |  0.00 |
| EFUSE_USR   |    0 |     0 |          0 |         1 |  0.00 |
| FRAME_ECCE3 |    0 |     0 |          0 |         1 |  0.00 |
| ICAPE3      |    0 |     0 |          0 |         2 |  0.00 |
| MASTER_JTAG |    0 |     0 |          0 |         1 |  0.00 |
| STARTUPE3   |    0 |     0 |          0 |         1 |  0.00 |
+-------------+------+-------+------------+-----------+-------+


8. Primitives
-------------

+----------+-------+---------------------+
| Ref Name |  Used | Functional Category |
+----------+-------+---------------------+
| FDRE     | 12505 |            Register |
| LUT6     | 10819 |                 CLB |
| LUT2     |  9789 |                 CLB |
| LUT3     |  3793 |                 CLB |
| LUT5     |  3197 |                 CLB |
| LUT4     |  3034 |                 CLB |
| RAMS64E1 |  2048 |                 CLB |
| CARRY8   |  1934 |                 CLB |
| MUXF7    |  1559 |                 CLB |
| MUXF8    |   712 |                 CLB |
| LUT1     |   704 |                 CLB |
| DSP48E2  |   424 |          Arithmetic |
| MUXF9    |   256 |                 CLB |
| RAMB36E2 |   231 |            BLOCKRAM |
| SRL16E   |   177 |                 CLB |
| OBUF     |    80 |                 I/O |
| FDSE     |    15 |            Register |
| INBUF    |    13 |                 I/O |
| IBUFCTRL |    13 |              Others |
| FDCE     |     4 |            Register |
| BUFGCE   |     1 |               Clock |
+----------+-------+---------------------+


9. Black Boxes
--------------

+----------+------+
| Ref Name | Used |
+----------+------+


10. Instantiated Netlists
-------------------------

+----------+------+
| Ref Name | Used |
+----------+------+


