Copyright 1986-2021 Xilinx, Inc. All Rights Reserved.
-----------------------------------------------------------------------------------------------------------------------------------
| Tool Version      : Vivado v.2021.2 (win64) Build 3367213 Tue Oct 19 02:48:09 MDT 2021
| Date              : Wed May 13 19:13:44 2026
| Host              : DESKTOP-03GC14L running 64-bit major release  (build 9200)
| Command           : report_timing_summary -name timing_1 -file D:/RICS_V_CNN/1DCNN_ACC/reports/timing_sweep/100MHz_v5_timing.rpt
| Design            : soc_top
| Device            : xcku040-ffva1156
| Speed File        : -2  PRODUCTION 1.25 12-04-2018
| Temperature Grade : I
-----------------------------------------------------------------------------------------------------------------------------------

Timing Summary Report

------------------------------------------------------------------------------------------------
| Timer Settings
| --------------
------------------------------------------------------------------------------------------------

  Enable Multi Corner Analysis               :  Yes
  Enable Pessimism Removal                   :  Yes
  Pessimism Removal Resolution               :  Nearest Common Node
  Enable Input Delay Default Clock           :  No
  Enable Preset / Clear Arcs                 :  No
  Disable Flight Delays                      :  No
  Ignore I/O Paths                           :  No
  Timing Early Launch at Borrowing Latches   :  No
  Borrow Time for Max Delay Exceptions       :  Yes
  Merge Timing Exceptions                    :  Yes

  Corner  Analyze    Analyze    
  Name    Max Paths  Min Paths  
  ------  ---------  ---------  
  Slow    Yes        Yes        
  Fast    Yes        Yes        


------------------------------------------------------------------------------------------------
| Report Methodology
| ------------------
------------------------------------------------------------------------------------------------

No report available as report_methodology has not been run prior. Run report_methodology on the current design for the summary of methodology violations.



check_timing report

Table of Contents
-----------------
1. checking no_clock (0)
2. checking constant_clock (0)
3. checking pulse_width_clock (0)
4. checking unconstrained_internal_endpoints (0)
5. checking no_input_delay (12)
6. checking no_output_delay (79)
7. checking multiple_clock (0)
8. checking generated_clocks (0)
9. checking loops (0)
10. checking partial_input_delay (0)
11. checking partial_output_delay (0)
12. checking latch_loops (0)

1. checking no_clock (0)
------------------------
 There are 0 register/latch pins with no clock.


2. checking constant_clock (0)
------------------------------
 There are 0 register/latch pins with constant_clock.


3. checking pulse_width_clock (0)
---------------------------------
 There are 0 register/latch pins which need pulse_width check


4. checking unconstrained_internal_endpoints (0)
------------------------------------------------
 There are 0 pins that are not constrained for maximum delay.

 There are 0 pins that are not constrained for maximum delay due to constant clock.


5. checking no_input_delay (12)
-------------------------------
 There are 12 input ports with no input delay specified. (HIGH)

 There are 0 input ports with no input delay but user has a false path constraint.


6. checking no_output_delay (79)
--------------------------------
 There are 79 ports with no output delay specified. (HIGH)

 There are 0 ports with no output delay but user has a false path constraint

 There are 0 ports with no output delay but with a timing clock defined on it or propagating through it


7. checking multiple_clock (0)
------------------------------
 There are 0 register/latch pins with multiple clocks.


8. checking generated_clocks (0)
--------------------------------
 There are 0 generated clocks that are not connected to a clock source.


9. checking loops (0)
---------------------
 There are 0 combinational loops in the design.


10. checking partial_input_delay (0)
------------------------------------
 There are 0 input ports with partial input delay specified.


11. checking partial_output_delay (0)
-------------------------------------
 There are 0 ports with partial output delay specified.


12. checking latch_loops (0)
----------------------------
 There are 0 combinational latch loops in the design through latch input



------------------------------------------------------------------------------------------------
| Design Timing Summary
| ---------------------
------------------------------------------------------------------------------------------------

    WNS(ns)      TNS(ns)  TNS Failing Endpoints  TNS Total Endpoints      WHS(ns)      THS(ns)  THS Failing Endpoints  THS Total Endpoints     WPWS(ns)     TPWS(ns)  TPWS Failing Endpoints  TPWS Total Endpoints  
    -------      -------  ---------------------  -------------------      -------      -------  ---------------------  -------------------     --------     --------  ----------------------  --------------------  
      0.036        0.000                      0                70203        0.017        0.000                      0                70203        4.020        0.000                       0                 18975  


All user specified timing constraints are met.


------------------------------------------------------------------------------------------------
| Clock Summary
| -------------
------------------------------------------------------------------------------------------------

Clock  Waveform(ns)       Period(ns)      Frequency(MHz)
-----  ------------       ----------      --------------
clk    {0.000 5.000}      10.000          100.000         


------------------------------------------------------------------------------------------------
| Intra Clock Table
| -----------------
------------------------------------------------------------------------------------------------

Clock             WNS(ns)      TNS(ns)  TNS Failing Endpoints  TNS Total Endpoints      WHS(ns)      THS(ns)  THS Failing Endpoints  THS Total Endpoints     WPWS(ns)     TPWS(ns)  TPWS Failing Endpoints  TPWS Total Endpoints  
-----             -------      -------  ---------------------  -------------------      -------      -------  ---------------------  -------------------     --------     --------  ----------------------  --------------------  
clk                 0.036        0.000                      0                70203        0.017        0.000                      0                70203        4.020        0.000                       0                 18975  


------------------------------------------------------------------------------------------------
| Inter Clock Table
| -----------------
------------------------------------------------------------------------------------------------

From Clock    To Clock          WNS(ns)      TNS(ns)  TNS Failing Endpoints  TNS Total Endpoints      WHS(ns)      THS(ns)  THS Failing Endpoints  THS Total Endpoints  
----------    --------          -------      -------  ---------------------  -------------------      -------      -------  ---------------------  -------------------  


------------------------------------------------------------------------------------------------
| Other Path Groups Table
| -----------------------
------------------------------------------------------------------------------------------------

Path Group    From Clock    To Clock          WNS(ns)      TNS(ns)  TNS Failing Endpoints  TNS Total Endpoints      WHS(ns)      THS(ns)  THS Failing Endpoints  THS Total Endpoints  
----------    ----------    --------          -------      -------  ---------------------  -------------------      -------      -------  ---------------------  -------------------  


------------------------------------------------------------------------------------------------
| Timing Details
| --------------
------------------------------------------------------------------------------------------------


---------------------------------------------------------------------------------------------------
From Clock:  clk
  To Clock:  clk

Setup :            0  Failing Endpoints,  Worst Slack        0.036ns,  Total Violation        0.000ns
Hold  :            0  Failing Endpoints,  Worst Slack        0.017ns,  Total Violation        0.000ns
PW    :            0  Failing Endpoints,  Worst Slack        4.020ns,  Total Violation        0.000ns
---------------------------------------------------------------------------------------------------


Max Delay Paths
--------------------------------------------------------------------------------------
Slack (MET) :             0.036ns  (required time - arrival time)
  Source:                 u_cnn_accelerator_top/u_feature_buffer/g_bank[2].u_bank_ram/u_bram_a/xpm_memory_base_inst/gen_wr_a.gen_word_narrow.mem_reg_0_1/CLKBWRCLK
                            (rising edge-triggered cell RAMB36E2 clocked by clk  {rise@0.000ns fall@5.000ns period=10.000ns})
  Destination:            u_cnn_accelerator_top/u_depthwise_conv_engine/g_requant[4].u_requant_relu/s1_mult_reg0__0_i_4__19_psdsp/D
                            (rising edge-triggered cell FDRE clocked by clk  {rise@0.000ns fall@5.000ns period=10.000ns})
  Path Group:             clk
  Path Type:              Setup (Max at Slow Process Corner)
  Requirement:            10.000ns  (clk rise@10.000ns - clk rise@0.000ns)
  Data Path Delay:        9.614ns  (logic 5.599ns (58.238%)  route 4.015ns (41.762%))
  Logic Levels:           16  (CARRY8=2 DSP_A_B_DATA=1 DSP_ALU=2 DSP_M_DATA=1 DSP_MULTIPLIER=1 DSP_OUTPUT=2 DSP_PREADD_DATA=1 LUT2=2 LUT3=2 LUT5=1 LUT6=1)
  Clock Path Skew:        -0.376ns (DCD - SCD + CPR)
    Destination Clock Delay (DCD):    3.021ns = ( 13.021 - 10.000 ) 
    Source Clock Delay      (SCD):    3.779ns
    Clock Pessimism Removal (CPR):    0.382ns
  Clock Uncertainty:      0.035ns  ((TSJ^2 + TIJ^2)^1/2 + DJ) / 2 + PE
    Total System Jitter     (TSJ):    0.071ns
    Total Input Jitter      (TIJ):    0.000ns
    Discrete Jitter          (DJ):    0.000ns
    Phase Error              (PE):    0.000ns
  Clock Net Delay (Source):      2.145ns (routing 0.335ns, distribution 1.810ns)
  Clock Net Delay (Destination): 1.743ns (routing 0.309ns, distribution 1.434ns)

    Location             Delay type                Incr(ns)  Path(ns)    Netlist Resource(s)
  -------------------------------------------------------------------    -------------------
                         (clock clk rise edge)        0.000     0.000 r  
    M25                                               0.000     0.000 r  clk (IN)
                         net (fo=0)                   0.000     0.000    clk_IBUF_inst/I
    M25                  INBUF (Prop_INBUF_HRIO_PAD_O)
                                                      0.801     0.801 r  clk_IBUF_inst/INBUF_INST/O
                         net (fo=1, routed)           0.092     0.893    clk_IBUF_inst/OUT
    M25                  IBUFCTRL (Prop_IBUFCTRL_HRIO_I_O)
                                                      0.043     0.936 r  clk_IBUF_inst/IBUFCTRL_INST/O
                         net (fo=1, routed)           0.615     1.551    clk_IBUF
    BUFGCE_X1Y24         BUFGCE (Prop_BUFCE_BUFGCE_I_O)
                                                      0.083     1.634 r  clk_IBUF_BUFG_inst/O
    X2Y1 (CLOCK_ROOT)    net (fo=20030, routed)       2.145     3.779    u_cnn_accelerator_top/u_feature_buffer/g_bank[2].u_bank_ram/u_bram_a/xpm_memory_base_inst/clka
    RAMB36_X3Y29         RAMB36E2                                     r  u_cnn_accelerator_top/u_feature_buffer/g_bank[2].u_bank_ram/u_bram_a/xpm_memory_base_inst/gen_wr_a.gen_word_narrow.mem_reg_0_1/CLKBWRCLK
  -------------------------------------------------------------------    -------------------
    RAMB36_X3Y29         RAMB36E2 (Prop_RAMB36E2_RAMB36_CLKBWRCLK_DOUTBDOUT[0])
                                                      1.433     5.212 f  u_cnn_accelerator_top/u_feature_buffer/g_bank[2].u_bank_ram/u_bram_a/xpm_memory_base_inst/gen_wr_a.gen_word_narrow.mem_reg_0_1/DOUTBDOUT[0]
                         net (fo=1, routed)           0.824     6.036    u_cnn_accelerator_top/u_feature_buffer/g_bank[2].u_bank_ram/doutb_a[1]
    SLICE_X47Y145        LUT3 (Prop_H6LUT_SLICEL_I1_O)
                                                      0.040     6.076 f  u_cnn_accelerator_top/u_feature_buffer/g_bank[2].u_bank_ram/val1[0][1]_i_8/O
                         net (fo=8, routed)           0.819     6.895    u_cnn_accelerator_top/u_feature_buffer/p_5_in[1]
    SLICE_X49Y133        LUT6 (Prop_A6LUT_SLICEL_I0_O)
                                                      0.115     7.010 f  u_cnn_accelerator_top/u_feature_buffer/val1[4][1]_i_3/O
                         net (fo=1, routed)           0.681     7.691    u_cnn_accelerator_top/u_feature_buffer/val1[4][1]_i_3_n_0
    SLICE_X48Y127        LUT5 (Prop_E6LUT_SLICEM_I3_O)
                                                      0.040     7.731 f  u_cnn_accelerator_top/u_feature_buffer/val1[4][1]_i_1/O
                         net (fo=8, routed)           0.424     8.155    u_cnn_accelerator_top/u_feature_buffer/g_bank[5].u_bank_ram/D[33]
    SLICE_X48Y115        LUT2 (Prop_G5LUT_SLICEM_I0_O)
                                                      0.135     8.290 f  u_cnn_accelerator_top/u_feature_buffer/g_bank[5].u_bank_ram/p_2_out__7_i_7/O
                         net (fo=2, routed)           0.325     8.615    u_cnn_accelerator_top/u_depthwise_conv_engine/p_2_out__7/B[1]
    DSP48E2_X7Y46        DSP_A_B_DATA (Prop_DSP_A_B_DATA_DSP48E2_B[1]_B2_DATA[1])
                                                      0.327     8.942 r  u_cnn_accelerator_top/u_depthwise_conv_engine/p_2_out__7/DSP_A_B_DATA_INST/B2_DATA[1]
                         net (fo=1, routed)           0.000     8.942    u_cnn_accelerator_top/u_depthwise_conv_engine/p_2_out__7/DSP_A_B_DATA.B2_DATA<1>
    DSP48E2_X7Y46        DSP_PREADD_DATA (Prop_DSP_PREADD_DATA_DSP48E2_B2_DATA[1]_B2B1[1])
                                                      0.109     9.051 r  u_cnn_accelerator_top/u_depthwise_conv_engine/p_2_out__7/DSP_PREADD_DATA_INST/B2B1[1]
                         net (fo=1, routed)           0.000     9.051    u_cnn_accelerator_top/u_depthwise_conv_engine/p_2_out__7/DSP_PREADD_DATA.B2B1<1>
    DSP48E2_X7Y46        DSP_MULTIPLIER (Prop_DSP_MULTIPLIER_DSP48E2_B2B1[1]_U[33])
                                                      0.868     9.919 f  u_cnn_accelerator_top/u_depthwise_conv_engine/p_2_out__7/DSP_MULTIPLIER_INST/U[33]
                         net (fo=1, routed)           0.000     9.919    u_cnn_accelerator_top/u_depthwise_conv_engine/p_2_out__7/DSP_MULTIPLIER.U<33>
    DSP48E2_X7Y46        DSP_M_DATA (Prop_DSP_M_DATA_DSP48E2_U[33]_U_DATA[33])
                                                      0.110    10.029 r  u_cnn_accelerator_top/u_depthwise_conv_engine/p_2_out__7/DSP_M_DATA_INST/U_DATA[33]
                         net (fo=1, routed)           0.000    10.029    u_cnn_accelerator_top/u_depthwise_conv_engine/p_2_out__7/DSP_M_DATA.U_DATA<33>
    DSP48E2_X7Y46        DSP_ALU (Prop_DSP_ALU_DSP48E2_U_DATA[33]_ALU_OUT[47])
                                                      0.702    10.731 f  u_cnn_accelerator_top/u_depthwise_conv_engine/p_2_out__7/DSP_ALU_INST/ALU_OUT[47]
                         net (fo=1, routed)           0.000    10.731    u_cnn_accelerator_top/u_depthwise_conv_engine/p_2_out__7/DSP_ALU.ALU_OUT<47>
    DSP48E2_X7Y46        DSP_OUTPUT (Prop_DSP_OUTPUT_DSP48E2_ALU_OUT[47]_PCOUT[47])
                                                      0.197    10.928 r  u_cnn_accelerator_top/u_depthwise_conv_engine/p_2_out__7/DSP_OUTPUT_INST/PCOUT[47]
                         net (fo=1, routed)           0.019    10.947    u_cnn_accelerator_top/u_depthwise_conv_engine/p_2_out__8/PCIN[47]
    DSP48E2_X7Y47        DSP_ALU (Prop_DSP_ALU_DSP48E2_PCIN[47]_ALU_OUT[0])
                                                      0.673    11.620 f  u_cnn_accelerator_top/u_depthwise_conv_engine/p_2_out__8/DSP_ALU_INST/ALU_OUT[0]
                         net (fo=1, routed)           0.000    11.620    u_cnn_accelerator_top/u_depthwise_conv_engine/p_2_out__8/DSP_ALU.ALU_OUT<0>
    DSP48E2_X7Y47        DSP_OUTPUT (Prop_DSP_OUTPUT_DSP48E2_ALU_OUT[0]_P[0])
                                                      0.193    11.813 r  u_cnn_accelerator_top/u_depthwise_conv_engine/p_2_out__8/DSP_OUTPUT_INST/P[0]
                         net (fo=1, routed)           0.418    12.231    u_cnn_accelerator_top/u_depthwise_conv_engine/p_2_out__8_n_105
    SLICE_X48Y107        LUT2 (Prop_B6LUT_SLICEM_I1_O)
                                                      0.074    12.305 r  u_cnn_accelerator_top/u_depthwise_conv_engine/s1_mult_reg0_i_35__19/O
                         net (fo=1, routed)           0.000    12.305    u_cnn_accelerator_top/u_depthwise_conv_engine/s1_mult_reg0_i_35__19_n_0
    SLICE_X48Y107        CARRY8 (Prop_CARRY8_SLICEM_S[1]_CO[7])
                                                      0.327    12.632 r  u_cnn_accelerator_top/u_depthwise_conv_engine/s1_mult_reg0_i_26__19/CO[7]
                         net (fo=1, routed)           0.027    12.659    u_cnn_accelerator_top/u_depthwise_conv_engine/s1_mult_reg0_i_26__19_n_0
    SLICE_X48Y108        CARRY8 (Prop_CARRY8_SLICEM_CI_O[4])
                                                      0.141    12.800 r  u_cnn_accelerator_top/u_depthwise_conv_engine/s1_mult_reg0__0_i_16__19/O[4]
                         net (fo=1, routed)           0.138    12.938    u_cnn_accelerator_top/u_depthwise_conv_engine/g_requant[4].u_requant_relu/O[4]
    SLICE_X48Y109        LUT3 (Prop_A6LUT_SLICEM_I2_O)
                                                      0.115    13.053 r  u_cnn_accelerator_top/u_depthwise_conv_engine/g_requant[4].u_requant_relu/s1_mult_reg0__0_i_4__19/O
                         net (fo=2, routed)           0.340    13.393    u_cnn_accelerator_top/u_depthwise_conv_engine/g_requant[4].u_requant_relu/D[28]
    SLICE_X48Y109        FDRE                                         r  u_cnn_accelerator_top/u_depthwise_conv_engine/g_requant[4].u_requant_relu/s1_mult_reg0__0_i_4__19_psdsp/D
  -------------------------------------------------------------------    -------------------

                         (clock clk rise edge)       10.000    10.000 r  
    M25                                               0.000    10.000 r  clk (IN)
                         net (fo=0)                   0.000    10.000    clk_IBUF_inst/I
    M25                  INBUF (Prop_INBUF_HRIO_PAD_O)
                                                      0.588    10.588 r  clk_IBUF_inst/INBUF_INST/O
                         net (fo=1, routed)           0.059    10.647    clk_IBUF_inst/OUT
    M25                  IBUFCTRL (Prop_IBUFCTRL_HRIO_I_O)
                                                      0.032    10.679 r  clk_IBUF_inst/IBUFCTRL_INST/O
                         net (fo=1, routed)           0.524    11.203    clk_IBUF
    BUFGCE_X1Y24         BUFGCE (Prop_BUFCE_BUFGCE_I_O)
                                                      0.075    11.278 r  clk_IBUF_BUFG_inst/O
    X2Y1 (CLOCK_ROOT)    net (fo=20030, routed)       1.743    13.021    u_cnn_accelerator_top/u_depthwise_conv_engine/g_requant[4].u_requant_relu/clk_IBUF_BUFG
    SLICE_X48Y109        FDRE                                         r  u_cnn_accelerator_top/u_depthwise_conv_engine/g_requant[4].u_requant_relu/s1_mult_reg0__0_i_4__19_psdsp/C
                         clock pessimism              0.382    13.403    
                         clock uncertainty           -0.035    13.367    
    SLICE_X48Y109        FDRE (Setup_GFF2_SLICEM_C_D)
                                                      0.061    13.428    u_cnn_accelerator_top/u_depthwise_conv_engine/g_requant[4].u_requant_relu/s1_mult_reg0__0_i_4__19_psdsp
  -------------------------------------------------------------------
                         required time                         13.428    
                         arrival time                         -13.393    
  -------------------------------------------------------------------
                         slack                                  0.036    





Min Delay Paths
--------------------------------------------------------------------------------------
Slack (MET) :             0.017ns  (arrival time - required time)
  Source:                 u_axi_lite_addr_decode/m_axi_wdata_reg[11]/C
                            (rising edge-triggered cell FDRE clocked by clk  {rise@0.000ns fall@5.000ns period=10.000ns})
  Destination:            u_cnn_accelerator_top/u_axi_lite_slave_regs/w_hold_data_reg[11]/D
                            (rising edge-triggered cell FDRE clocked by clk  {rise@0.000ns fall@5.000ns period=10.000ns})
  Path Group:             clk
  Path Type:              Hold (Min at Fast Process Corner)
  Requirement:            0.000ns  (clk rise@0.000ns - clk rise@0.000ns)
  Data Path Delay:        0.146ns  (logic 0.048ns (32.877%)  route 0.098ns (67.123%))
  Logic Levels:           0  
  Clock Path Skew:        0.073ns (DCD - SCD - CPR)
    Destination Clock Delay (DCD):    2.014ns
    Source Clock Delay      (SCD):    1.532ns
    Clock Pessimism Removal (CPR):    0.409ns
  Clock Net Delay (Source):      0.756ns (routing 0.127ns, distribution 0.629ns)
  Clock Net Delay (Destination): 0.903ns (routing 0.142ns, distribution 0.761ns)

    Location             Delay type                Incr(ns)  Path(ns)    Netlist Resource(s)
  -------------------------------------------------------------------    -------------------
                         (clock clk rise edge)        0.000     0.000 r  
    M25                                               0.000     0.000 r  clk (IN)
                         net (fo=0)                   0.000     0.000    clk_IBUF_inst/I
    M25                  INBUF (Prop_INBUF_HRIO_PAD_O)
                                                      0.414     0.414 r  clk_IBUF_inst/INBUF_INST/O
                         net (fo=1, routed)           0.025     0.439    clk_IBUF_inst/OUT
    M25                  IBUFCTRL (Prop_IBUFCTRL_HRIO_I_O)
                                                      0.015     0.454 r  clk_IBUF_inst/IBUFCTRL_INST/O
                         net (fo=1, routed)           0.295     0.749    clk_IBUF
    BUFGCE_X1Y24         BUFGCE (Prop_BUFCE_BUFGCE_I_O)
                                                      0.027     0.776 r  clk_IBUF_BUFG_inst/O
    X2Y1 (CLOCK_ROOT)    net (fo=20030, routed)       0.756     1.532    u_axi_lite_addr_decode/clk_IBUF_BUFG
    SLICE_X52Y82         FDRE                                         r  u_axi_lite_addr_decode/m_axi_wdata_reg[11]/C
  -------------------------------------------------------------------    -------------------
    SLICE_X52Y82         FDRE (Prop_CFF2_SLICEM_C_Q)
                                                      0.048     1.580 r  u_axi_lite_addr_decode/m_axi_wdata_reg[11]/Q
                         net (fo=1, routed)           0.098     1.678    u_cnn_accelerator_top/u_axi_lite_slave_regs/w_hold_data_reg[15]_0[11]
    SLICE_X51Y82         FDRE                                         r  u_cnn_accelerator_top/u_axi_lite_slave_regs/w_hold_data_reg[11]/D
  -------------------------------------------------------------------    -------------------

                         (clock clk rise edge)        0.000     0.000 r  
    M25                                               0.000     0.000 r  clk (IN)
                         net (fo=0)                   0.000     0.000    clk_IBUF_inst/I
    M25                  INBUF (Prop_INBUF_HRIO_PAD_O)
                                                      0.671     0.671 r  clk_IBUF_inst/INBUF_INST/O
                         net (fo=1, routed)           0.042     0.713    clk_IBUF_inst/OUT
    M25                  IBUFCTRL (Prop_IBUFCTRL_HRIO_I_O)
                                                      0.022     0.735 r  clk_IBUF_inst/IBUFCTRL_INST/O
                         net (fo=1, routed)           0.345     1.080    clk_IBUF
    BUFGCE_X1Y24         BUFGCE (Prop_BUFCE_BUFGCE_I_O)
                                                      0.031     1.111 r  clk_IBUF_BUFG_inst/O
    X2Y1 (CLOCK_ROOT)    net (fo=20030, routed)       0.903     2.014    u_cnn_accelerator_top/u_axi_lite_slave_regs/clk_IBUF_BUFG
    SLICE_X51Y82         FDRE                                         r  u_cnn_accelerator_top/u_axi_lite_slave_regs/w_hold_data_reg[11]/C
                         clock pessimism             -0.409     1.605    
    SLICE_X51Y82         FDRE (Hold_GFF2_SLICEL_C_D)
                                                      0.056     1.661    u_cnn_accelerator_top/u_axi_lite_slave_regs/w_hold_data_reg[11]
  -------------------------------------------------------------------
                         required time                         -1.661    
                         arrival time                           1.678    
  -------------------------------------------------------------------
                         slack                                  0.017    





Pulse Width Checks
--------------------------------------------------------------------------------------
Clock Name:         clk
Waveform(ns):       { 0.000 5.000 }
Period(ns):         10.000
Sources:            { clk }

Check Type        Corner  Lib Pin             Reference Pin  Required(ns)  Actual(ns)  Slack(ns)  Location      Pin
Min Period        n/a     RAMB36E2/CLKARDCLK  n/a            1.961         10.000      8.039      RAMB36_X2Y17  u_cnn_accelerator_top/u_input_buffer/mem_reg_bram_0/CLKARDCLK
Low Pulse Width   Slow    RAMB36E2/CLKARDCLK  n/a            0.980         5.000       4.020      RAMB36_X2Y17  u_cnn_accelerator_top/u_input_buffer/mem_reg_bram_0/CLKARDCLK
High Pulse Width  Slow    RAMB36E2/CLKARDCLK  n/a            0.980         5.000       4.020      RAMB36_X2Y17  u_cnn_accelerator_top/u_input_buffer/mem_reg_bram_0/CLKARDCLK



