Copyright 1986-2021 Xilinx, Inc. All Rights Reserved.
-----------------------------------------------------------------------------------------------------------------
| Tool Version : Vivado v.2021.2 (win64) Build 3367213 Tue Oct 19 02:48:09 MDT 2021
| Date         : Wed May 13 17:42:29 2026
| Host         : DESKTOP-03GC14L running 64-bit major release  (build 9200)
| Command      : report_utilization -file D:/RICS_V_CNN/1DCNN_ACC/reports/timing_sweep/100MHz_v4_utilization.rpt
| Design       : soc_top
| Device       : xcku040-ffva1156-2-i
| Speed File   : -2
| Design State : Routed
-----------------------------------------------------------------------------------------------------------------

Utilization Design Information

Table of Contents
-----------------
1. CLB Logic
1.1 Summary of Registers by Type
2. CLB Logic Distribution
3. BLOCKRAM
4. ARITHMETIC
5. I/O
6. CLOCK
7. ADVANCED
8. CONFIGURATION
9. Primitives
10. Black Boxes
11. Instantiated Netlists

1. CLB Logic
------------

+----------------------------+-------+-------+------------+-----------+-------+
|          Site Type         |  Used | Fixed | Prohibited | Available | Util% |
+----------------------------+-------+-------+------------+-----------+-------+
| CLB LUTs                   | 28832 |     0 |          0 |    242400 | 11.89 |
|   LUT as Logic             | 26679 |     0 |          0 |    242400 | 11.01 |
|   LUT as Memory            |  2153 |     0 |          0 |    112800 |  1.91 |
|     LUT as Distributed RAM |  2048 |     0 |            |           |       |
|     LUT as Shift Register  |   105 |     0 |            |           |       |
| CLB Registers              | 15401 |     0 |          0 |    484800 |  3.18 |
|   Register as Flip Flop    | 15401 |     0 |          0 |    484800 |  3.18 |
|   Register as Latch        |     0 |     0 |          0 |    484800 |  0.00 |
| CARRY8                     |  1803 |     0 |          0 |     30300 |  5.95 |
| F7 Muxes                   |  1553 |     0 |          0 |    121200 |  1.28 |
| F8 Muxes                   |   712 |     0 |          0 |     60600 |  1.17 |
| F9 Muxes                   |   256 |     0 |          0 |     30300 |  0.84 |
+----------------------------+-------+-------+------------+-----------+-------+


1.1 Summary of Registers by Type
--------------------------------

+-------+--------------+-------------+--------------+
| Total | Clock Enable | Synchronous | Asynchronous |
+-------+--------------+-------------+--------------+
| 0     |            _ |           - |            - |
| 0     |            _ |           - |          Set |
| 0     |            _ |           - |        Reset |
| 0     |            _ |         Set |            - |
| 0     |            _ |       Reset |            - |
| 0     |          Yes |           - |            - |
| 0     |          Yes |           - |          Set |
| 4     |          Yes |           - |        Reset |
| 15    |          Yes |         Set |            - |
| 15382 |          Yes |       Reset |            - |
+-------+--------------+-------------+--------------+


2. CLB Logic Distribution
-------------------------

+--------------------------------------------+-------+-------+------------+-----------+-------+
|                  Site Type                 |  Used | Fixed | Prohibited | Available | Util% |
+--------------------------------------------+-------+-------+------------+-----------+-------+
| CLB                                        |  5807 |     0 |          0 |     30300 | 19.17 |
|   CLBL                                     |  2659 |     0 |            |           |       |
|   CLBM                                     |  3148 |     0 |            |           |       |
| LUT as Logic                               | 26679 |     0 |          0 |    242400 | 11.01 |
|   using O5 output only                     |    54 |       |            |           |       |
|   using O6 output only                     | 21913 |       |            |           |       |
|   using O5 and O6                          |  4712 |       |            |           |       |
| LUT as Memory                              |  2153 |     0 |          0 |    112800 |  1.91 |
|   LUT as Distributed RAM                   |  2048 |     0 |            |           |       |
|     using O5 output only                   |     0 |       |            |           |       |
|     using O6 output only                   |  2048 |       |            |           |       |
|     using O5 and O6                        |     0 |       |            |           |       |
|   LUT as Shift Register                    |   105 |     0 |            |           |       |
|     using O5 output only                   |     0 |       |            |           |       |
|     using O6 output only                   |   105 |       |            |           |       |
|     using O5 and O6                        |     0 |       |            |           |       |
| CLB Registers                              | 15401 |     0 |          0 |    484800 |  3.18 |
|   Register driven from within the CLB      |  8441 |       |            |           |       |
|   Register driven from outside the CLB     |  6960 |       |            |           |       |
|     LUT in front of the register is unused |  4955 |       |            |           |       |
|     LUT in front of the register is used   |  2005 |       |            |           |       |
| Unique Control Sets                        |   304 |       |          0 |     60600 |  0.50 |
+--------------------------------------------+-------+-------+------------+-----------+-------+
* * Note: Available Control Sets calculated as Slices * 2, Review the Control Sets Report for more information regarding control sets.


3. BLOCKRAM
-----------

+-------------------+------+-------+------------+-----------+-------+
|     Site Type     | Used | Fixed | Prohibited | Available | Util% |
+-------------------+------+-------+------------+-----------+-------+
| Block RAM Tile    |  231 |     0 |          0 |       600 | 38.50 |
|   RAMB36/FIFO*    |  231 |     0 |          0 |       600 | 38.50 |
|     RAMB36E2 only |  231 |       |            |           |       |
|   RAMB18          |    0 |     0 |          0 |      1200 |  0.00 |
+-------------------+------+-------+------------+-----------+-------+
* Note: Each Block RAM Tile only has one FIFO logic available and therefore can accommodate only one FIFO36E2 or one FIFO18E2. However, if a FIFO18E2 occupies a Block RAM Tile, that tile can still accommodate a RAMB18E2


4. ARITHMETIC
-------------

+----------------+------+-------+------------+-----------+-------+
|    Site Type   | Used | Fixed | Prohibited | Available | Util% |
+----------------+------+-------+------------+-----------+-------+
| DSPs           |  424 |     0 |          0 |      1920 | 22.08 |
|   DSP48E2 only |  424 |       |            |           |       |
+----------------+------+-------+------------+-----------+-------+


5. I/O
------

+------------------+------+-------+------------+-----------+-------+
|     Site Type    | Used | Fixed | Prohibited | Available | Util% |
+------------------+------+-------+------------+-----------+-------+
| Bonded IOB       |   93 |     0 |          0 |       520 | 17.88 |
| HPIOB            |    0 |     0 |          0 |       416 |  0.00 |
| HRIO             |   93 |     0 |          0 |       104 | 89.42 |
|   INPUT          |   13 |       |            |           |       |
|   OUTPUT         |   80 |       |            |           |       |
|   BIDIR          |    0 |       |            |           |       |
| HPIOBDIFFINBUF   |    0 |     0 |          0 |       192 |  0.00 |
| HPIOBDIFFOUTBUF  |    0 |     0 |          0 |       192 |  0.00 |
| HRIODIFFINBUF    |    0 |     0 |          0 |        48 |  0.00 |
| HRIODIFFOUTBUF   |    0 |     0 |          0 |        48 |  0.00 |
| BITSLICE_CONTROL |    0 |     0 |          0 |        80 |  0.00 |
| BITSLICE_RX_TX   |    0 |     0 |          0 |      3120 |  0.00 |
| BITSLICE_TX      |    0 |     0 |          0 |        80 |  0.00 |
| RIU_OR           |    0 |     0 |          0 |        40 |  0.00 |
+------------------+------+-------+------------+-----------+-------+


6. CLOCK
--------

+----------------------+------+-------+------------+-----------+-------+
|       Site Type      | Used | Fixed | Prohibited | Available | Util% |
+----------------------+------+-------+------------+-----------+-------+
| GLOBAL CLOCK BUFFERs |    4 |     0 |          0 |       480 |  0.83 |
|   BUFGCE             |    4 |     0 |          0 |       240 |  1.67 |
|   BUFGCE_DIV         |    0 |     0 |          0 |        40 |  0.00 |
|   BUFG_GT            |    0 |     0 |          0 |       120 |  0.00 |
|   BUFGCTRL*          |    0 |     0 |          0 |        80 |  0.00 |
| PLLE3_ADV            |    0 |     0 |          0 |        20 |  0.00 |
| MMCME3_ADV           |    0 |     0 |          0 |        10 |  0.00 |
+----------------------+------+-------+------------+-----------+-------+
* Note: Each used BUFGCTRL counts as two GLOBAL CLOCK BUFFERs. This table does not include global clocking resources, only buffer cell usage. See the Clock Utilization Report (report_clock_utilization) for detailed accounting of global clocking resource availability.


7. ADVANCED
-----------

+-----------------+------+-------+------------+-----------+-------+
|    Site Type    | Used | Fixed | Prohibited | Available | Util% |
+-----------------+------+-------+------------+-----------+-------+
| GTHE3_CHANNEL   |    0 |     0 |          0 |        20 |  0.00 |
| GTHE3_COMMON    |    0 |     0 |          0 |         5 |  0.00 |
| IBUFDS_GTE3     |    0 |     0 |          0 |        10 |  0.00 |
| OBUFDS_GTE3     |    0 |     0 |          0 |        10 |  0.00 |
| OBUFDS_GTE3_ADV |    0 |     0 |          0 |        10 |  0.00 |
| PCIE_3_1        |    0 |     0 |          0 |         3 |  0.00 |
| SYSMONE1        |    0 |     0 |          0 |         1 |  0.00 |
+-----------------+------+-------+------------+-----------+-------+


8. CONFIGURATION
----------------

+-------------+------+-------+------------+-----------+-------+
|  Site Type  | Used | Fixed | Prohibited | Available | Util% |
+-------------+------+-------+------------+-----------+-------+
| BSCANE2     |    0 |     0 |          0 |         4 |  0.00 |
| DNA_PORTE2  |    0 |     0 |          0 |         1 |  0.00 |
| EFUSE_USR   |    0 |     0 |          0 |         1 |  0.00 |
| FRAME_ECCE3 |    0 |     0 |          0 |         1 |  0.00 |
| ICAPE3      |    0 |     0 |          0 |         2 |  0.00 |
| MASTER_JTAG |    0 |     0 |          0 |         1 |  0.00 |
| STARTUPE3   |    0 |     0 |          0 |         1 |  0.00 |
+-------------+------+-------+------------+-----------+-------+


9. Primitives
-------------

+----------+-------+---------------------+
| Ref Name |  Used | Functional Category |
+----------+-------+---------------------+
| FDRE     | 15382 |            Register |
| LUT2     | 10927 |                 CLB |
| LUT6     |  9410 |                 CLB |
| LUT3     |  4382 |                 CLB |
| LUT5     |  3119 |                 CLB |
| LUT4     |  3087 |                 CLB |
| RAMS64E1 |  2048 |                 CLB |
| CARRY8   |  1803 |                 CLB |
| MUXF7    |  1553 |                 CLB |
| MUXF8    |   712 |                 CLB |
| LUT1     |   466 |                 CLB |
| DSP48E2  |   424 |          Arithmetic |
| MUXF9    |   256 |                 CLB |
| RAMB36E2 |   231 |            BLOCKRAM |
| SRL16E   |   105 |                 CLB |
| OBUF     |    80 |                 I/O |
| FDSE     |    15 |            Register |
| INBUF    |    13 |                 I/O |
| IBUFCTRL |    13 |              Others |
| FDCE     |     4 |            Register |
| BUFGCE   |     4 |               Clock |
+----------+-------+---------------------+


10. Black Boxes
---------------

+----------+------+
| Ref Name | Used |
+----------+------+


11. Instantiated Netlists
-------------------------

+----------+------+
| Ref Name | Used |
+----------+------+


