Copyright 1986-2021 Xilinx, Inc. All Rights Reserved.
-----------------------------------------------------------------------------------------------------------------------------------
| Tool Version      : Vivado v.2021.2 (win64) Build 3367213 Tue Oct 19 02:48:09 MDT 2021
| Date              : Wed May 13 21:04:07 2026
| Host              : DESKTOP-03GC14L running 64-bit major release  (build 9200)
| Command           : report_timing_summary -name timing_1 -file D:/RICS_V_CNN/1DCNN_ACC/reports/timing_sweep/150MHz_v2_timing.rpt
| Design            : soc_top
| Device            : xcku040-ffva1156
| Speed File        : -2  PRODUCTION 1.25 12-04-2018
| Temperature Grade : I
-----------------------------------------------------------------------------------------------------------------------------------

Timing Summary Report

------------------------------------------------------------------------------------------------
| Timer Settings
| --------------
------------------------------------------------------------------------------------------------

  Enable Multi Corner Analysis               :  Yes
  Enable Pessimism Removal                   :  Yes
  Pessimism Removal Resolution               :  Nearest Common Node
  Enable Input Delay Default Clock           :  No
  Enable Preset / Clear Arcs                 :  No
  Disable Flight Delays                      :  No
  Ignore I/O Paths                           :  No
  Timing Early Launch at Borrowing Latches   :  No
  Borrow Time for Max Delay Exceptions       :  Yes
  Merge Timing Exceptions                    :  Yes

  Corner  Analyze    Analyze    
  Name    Max Paths  Min Paths  
  ------  ---------  ---------  
  Slow    Yes        Yes        
  Fast    Yes        Yes        


------------------------------------------------------------------------------------------------
| Report Methodology
| ------------------
------------------------------------------------------------------------------------------------

No report available as report_methodology has not been run prior. Run report_methodology on the current design for the summary of methodology violations.



check_timing report

Table of Contents
-----------------
1. checking no_clock (0)
2. checking constant_clock (0)
3. checking pulse_width_clock (0)
4. checking unconstrained_internal_endpoints (0)
5. checking no_input_delay (12)
6. checking no_output_delay (79)
7. checking multiple_clock (0)
8. checking generated_clocks (0)
9. checking loops (0)
10. checking partial_input_delay (0)
11. checking partial_output_delay (0)
12. checking latch_loops (0)

1. checking no_clock (0)
------------------------
 There are 0 register/latch pins with no clock.


2. checking constant_clock (0)
------------------------------
 There are 0 register/latch pins with constant_clock.


3. checking pulse_width_clock (0)
---------------------------------
 There are 0 register/latch pins which need pulse_width check


4. checking unconstrained_internal_endpoints (0)
------------------------------------------------
 There are 0 pins that are not constrained for maximum delay.

 There are 0 pins that are not constrained for maximum delay due to constant clock.


5. checking no_input_delay (12)
-------------------------------
 There are 12 input ports with no input delay specified. (HIGH)

 There are 0 input ports with no input delay but user has a false path constraint.


6. checking no_output_delay (79)
--------------------------------
 There are 79 ports with no output delay specified. (HIGH)

 There are 0 ports with no output delay but user has a false path constraint

 There are 0 ports with no output delay but with a timing clock defined on it or propagating through it


7. checking multiple_clock (0)
------------------------------
 There are 0 register/latch pins with multiple clocks.


8. checking generated_clocks (0)
--------------------------------
 There are 0 generated clocks that are not connected to a clock source.


9. checking loops (0)
---------------------
 There are 0 combinational loops in the design.


10. checking partial_input_delay (0)
------------------------------------
 There are 0 input ports with partial input delay specified.


11. checking partial_output_delay (0)
-------------------------------------
 There are 0 ports with partial output delay specified.


12. checking latch_loops (0)
----------------------------
 There are 0 combinational latch loops in the design through latch input



------------------------------------------------------------------------------------------------
| Design Timing Summary
| ---------------------
------------------------------------------------------------------------------------------------

    WNS(ns)      TNS(ns)  TNS Failing Endpoints  TNS Total Endpoints      WHS(ns)      THS(ns)  THS Failing Endpoints  THS Total Endpoints     WPWS(ns)     TPWS(ns)  TPWS Failing Endpoints  TPWS Total Endpoints  
    -------      -------  ---------------------  -------------------      -------      -------  ---------------------  -------------------     --------     --------  ----------------------  --------------------  
     -2.758    -5669.640                   7043                73692        0.030        0.000                      0                73692        2.353        0.000                       0                 20187  


Timing constraints are not met.


------------------------------------------------------------------------------------------------
| Clock Summary
| -------------
------------------------------------------------------------------------------------------------

Clock  Waveform(ns)         Period(ns)      Frequency(MHz)
-----  ------------         ----------      --------------
clk    {0.000 3.333}        6.667           149.992         


------------------------------------------------------------------------------------------------
| Intra Clock Table
| -----------------
------------------------------------------------------------------------------------------------

Clock             WNS(ns)      TNS(ns)  TNS Failing Endpoints  TNS Total Endpoints      WHS(ns)      THS(ns)  THS Failing Endpoints  THS Total Endpoints     WPWS(ns)     TPWS(ns)  TPWS Failing Endpoints  TPWS Total Endpoints  
-----             -------      -------  ---------------------  -------------------      -------      -------  ---------------------  -------------------     --------     --------  ----------------------  --------------------  
clk                -2.758    -5669.640                   7043                73692        0.030        0.000                      0                73692        2.353        0.000                       0                 20187  


------------------------------------------------------------------------------------------------
| Inter Clock Table
| -----------------
------------------------------------------------------------------------------------------------

From Clock    To Clock          WNS(ns)      TNS(ns)  TNS Failing Endpoints  TNS Total Endpoints      WHS(ns)      THS(ns)  THS Failing Endpoints  THS Total Endpoints  
----------    --------          -------      -------  ---------------------  -------------------      -------      -------  ---------------------  -------------------  


------------------------------------------------------------------------------------------------
| Other Path Groups Table
| -----------------------
------------------------------------------------------------------------------------------------

Path Group    From Clock    To Clock          WNS(ns)      TNS(ns)  TNS Failing Endpoints  TNS Total Endpoints      WHS(ns)      THS(ns)  THS Failing Endpoints  THS Total Endpoints  
----------    ----------    --------          -------      -------  ---------------------  -------------------      -------      -------  ---------------------  -------------------  


------------------------------------------------------------------------------------------------
| Timing Details
| --------------
------------------------------------------------------------------------------------------------


---------------------------------------------------------------------------------------------------
From Clock:  clk
  To Clock:  clk

Setup :         7043  Failing Endpoints,  Worst Slack       -2.758ns,  Total Violation    -5669.640ns
Hold  :            0  Failing Endpoints,  Worst Slack        0.030ns,  Total Violation        0.000ns
PW    :            0  Failing Endpoints,  Worst Slack        2.353ns,  Total Violation        0.000ns
---------------------------------------------------------------------------------------------------


Max Delay Paths
--------------------------------------------------------------------------------------
Slack (VIOLATED) :        -2.758ns  (required time - arrival time)
  Source:                 u_cnn_accelerator_top/g_port[48].data_flat_reg_0_1/CLKBWRCLK
                            (rising edge-triggered cell RAMB36E2 clocked by clk  {rise@0.000ns fall@3.333ns period=6.667ns})
  Destination:            u_cnn_accelerator_top/u_final_conv_engine/g_requant[6].u_requant_relu/s1_mult_reg0__0_i_1_psdsp/D
                            (rising edge-triggered cell FDRE clocked by clk  {rise@0.000ns fall@3.333ns period=6.667ns})
  Path Group:             clk
  Path Type:              Setup (Max at Slow Process Corner)
  Requirement:            6.667ns  (clk rise@6.667ns - clk rise@0.000ns)
  Data Path Delay:        9.262ns  (logic 5.716ns (61.715%)  route 3.546ns (38.285%))
  Logic Levels:           15  (CARRY8=3 DSP_A_B_DATA=1 DSP_ALU=2 DSP_M_DATA=1 DSP_MULTIPLIER=1 DSP_OUTPUT=2 DSP_PREADD_DATA=1 LUT2=2 LUT3=1 LUT6=1)
  Clock Path Skew:        -0.188ns (DCD - SCD + CPR)
    Destination Clock Delay (DCD):    2.987ns = ( 9.654 - 6.667 ) 
    Source Clock Delay      (SCD):    3.621ns
    Clock Pessimism Removal (CPR):    0.446ns
  Clock Uncertainty:      0.035ns  ((TSJ^2 + TIJ^2)^1/2 + DJ) / 2 + PE
    Total System Jitter     (TSJ):    0.071ns
    Total Input Jitter      (TIJ):    0.000ns
    Discrete Jitter          (DJ):    0.000ns
    Phase Error              (PE):    0.000ns
  Clock Net Delay (Source):      1.987ns (routing 0.335ns, distribution 1.652ns)
  Clock Net Delay (Destination): 1.709ns (routing 0.309ns, distribution 1.400ns)

    Location             Delay type                Incr(ns)  Path(ns)    Netlist Resource(s)
  -------------------------------------------------------------------    -------------------
                         (clock clk rise edge)        0.000     0.000 r  
    M25                                               0.000     0.000 r  clk (IN)
                         net (fo=0)                   0.000     0.000    clk_IBUF_inst/I
    M25                  INBUF (Prop_INBUF_HRIO_PAD_O)
                                                      0.801     0.801 r  clk_IBUF_inst/INBUF_INST/O
                         net (fo=1, routed)           0.092     0.893    clk_IBUF_inst/OUT
    M25                  IBUFCTRL (Prop_IBUFCTRL_HRIO_I_O)
                                                      0.043     0.936 r  clk_IBUF_inst/IBUFCTRL_INST/O
                         net (fo=1, routed)           0.615     1.551    clk_IBUF
    BUFGCE_X1Y24         BUFGCE (Prop_BUFCE_BUFGCE_I_O)
                                                      0.083     1.634 r  clk_IBUF_BUFG_inst/O
    X2Y1 (CLOCK_ROOT)    net (fo=21242, routed)       1.987     3.621    u_cnn_accelerator_top/clk_IBUF_BUFG
    RAMB36_X6Y9          RAMB36E2                                     r  u_cnn_accelerator_top/g_port[48].data_flat_reg_0_1/CLKBWRCLK
  -------------------------------------------------------------------    -------------------
    RAMB36_X6Y9          RAMB36E2 (Prop_RAMB36E2_RAMB36_CLKBWRCLK_DOUTBDOUT[0])
                                                      1.433     5.054 f  u_cnn_accelerator_top/g_port[48].data_flat_reg_0_1/DOUTBDOUT[0]
                         net (fo=5, routed)           1.001     6.055    u_cnn_accelerator_top/u_final_conv_engine/p_2_out__1/A[1]
    DSP48E2_X7Y20        DSP_A_B_DATA (Prop_DSP_A_B_DATA_DSP48E2_A[1]_A2_DATA[1])
                                                      0.337     6.392 r  u_cnn_accelerator_top/u_final_conv_engine/p_2_out__1/DSP_A_B_DATA_INST/A2_DATA[1]
                         net (fo=1, routed)           0.000     6.392    u_cnn_accelerator_top/u_final_conv_engine/p_2_out__1/DSP_A_B_DATA.A2_DATA<1>
    DSP48E2_X7Y20        DSP_PREADD_DATA (Prop_DSP_PREADD_DATA_DSP48E2_A2_DATA[1]_A2A1[1])
                                                      0.155     6.547 r  u_cnn_accelerator_top/u_final_conv_engine/p_2_out__1/DSP_PREADD_DATA_INST/A2A1[1]
                         net (fo=1, routed)           0.000     6.547    u_cnn_accelerator_top/u_final_conv_engine/p_2_out__1/DSP_PREADD_DATA.A2A1<1>
    DSP48E2_X7Y20        DSP_MULTIPLIER (Prop_DSP_MULTIPLIER_DSP48E2_A2A1[1]_U[22])
                                                      0.866     7.413 f  u_cnn_accelerator_top/u_final_conv_engine/p_2_out__1/DSP_MULTIPLIER_INST/U[22]
                         net (fo=1, routed)           0.000     7.413    u_cnn_accelerator_top/u_final_conv_engine/p_2_out__1/DSP_MULTIPLIER.U<22>
    DSP48E2_X7Y20        DSP_M_DATA (Prop_DSP_M_DATA_DSP48E2_U[22]_U_DATA[22])
                                                      0.110     7.523 r  u_cnn_accelerator_top/u_final_conv_engine/p_2_out__1/DSP_M_DATA_INST/U_DATA[22]
                         net (fo=1, routed)           0.000     7.523    u_cnn_accelerator_top/u_final_conv_engine/p_2_out__1/DSP_M_DATA.U_DATA<22>
    DSP48E2_X7Y20        DSP_ALU (Prop_DSP_ALU_DSP48E2_U_DATA[22]_ALU_OUT[47])
                                                      0.702     8.225 f  u_cnn_accelerator_top/u_final_conv_engine/p_2_out__1/DSP_ALU_INST/ALU_OUT[47]
                         net (fo=1, routed)           0.000     8.225    u_cnn_accelerator_top/u_final_conv_engine/p_2_out__1/DSP_ALU.ALU_OUT<47>
    DSP48E2_X7Y20        DSP_OUTPUT (Prop_DSP_OUTPUT_DSP48E2_ALU_OUT[47]_PCOUT[47])
                                                      0.197     8.422 r  u_cnn_accelerator_top/u_final_conv_engine/p_2_out__1/DSP_OUTPUT_INST/PCOUT[47]
                         net (fo=1, routed)           0.019     8.441    u_cnn_accelerator_top/u_final_conv_engine/p_2_out__2/PCIN[47]
    DSP48E2_X7Y21        DSP_ALU (Prop_DSP_ALU_DSP48E2_PCIN[47]_ALU_OUT[1])
                                                      0.673     9.114 f  u_cnn_accelerator_top/u_final_conv_engine/p_2_out__2/DSP_ALU_INST/ALU_OUT[1]
                         net (fo=1, routed)           0.000     9.114    u_cnn_accelerator_top/u_final_conv_engine/p_2_out__2/DSP_ALU.ALU_OUT<1>
    DSP48E2_X7Y21        DSP_OUTPUT (Prop_DSP_OUTPUT_DSP48E2_ALU_OUT[1]_P[1])
                                                      0.193     9.307 r  u_cnn_accelerator_top/u_final_conv_engine/p_2_out__2/DSP_OUTPUT_INST/P[1]
                         net (fo=2, routed)           0.876    10.183    u_cnn_accelerator_top/u_final_conv_engine/p_2_out__2_n_104
    SLICE_X54Y51         LUT2 (Prop_H6LUT_SLICEL_I1_O)
                                                      0.040    10.223 r  u_cnn_accelerator_top/u_final_conv_engine/s1_mult_reg0_i_227/O
                         net (fo=1, routed)           0.476    10.699    u_cnn_accelerator_top/u_final_conv_engine/s1_mult_reg0_i_227_n_0
    SLICE_X61Y50         LUT6 (Prop_C6LUT_SLICEM_I3_O)
                                                      0.040    10.739 r  u_cnn_accelerator_top/u_final_conv_engine/s1_mult_reg0_i_94/O
                         net (fo=1, routed)           0.000    10.739    u_cnn_accelerator_top/u_final_conv_engine/s1_mult_reg0_i_94_n_0
    SLICE_X61Y50         CARRY8 (Prop_CARRY8_SLICEM_S[2]_CO[7])
                                                      0.344    11.083 r  u_cnn_accelerator_top/u_final_conv_engine/s1_mult_reg0_i_72/CO[7]
                         net (fo=1, routed)           0.027    11.110    u_cnn_accelerator_top/u_final_conv_engine/s1_mult_reg0_i_72_n_0
    SLICE_X61Y51         CARRY8 (Prop_CARRY8_SLICEM_CI_O[3])
                                                      0.138    11.248 r  u_cnn_accelerator_top/u_final_conv_engine/s1_mult_reg0__0_i_32/O[3]
                         net (fo=3, routed)           0.286    11.534    u_cnn_accelerator_top_n_3549
    SLICE_X63Y51         LUT3 (Prop_B6LUT_SLICEL_I0_O)
                                                      0.173    11.707 r  s1_mult_reg0__0_i_19/O
                         net (fo=1, routed)           0.340    12.047    s1_mult_reg0__0_i_19_n_0
    SLICE_X65Y51         CARRY8 (Prop_CARRY8_SLICEL_DI[4]_O[7])
                                                      0.244    12.291 r  s1_mult_reg0__0_i_16/O[7]
                         net (fo=1, routed)           0.315    12.606    u_cnn_accelerator_top/u_final_conv_engine/g_requant[6].u_requant_relu/acc_reg_reg[6][31][15]
    SLICE_X64Y51         LUT2 (Prop_A6LUT_SLICEM_I1_O)
                                                      0.071    12.677 r  u_cnn_accelerator_top/u_final_conv_engine/g_requant[6].u_requant_relu/s1_mult_reg0__0_i_1/O
                         net (fo=2, routed)           0.206    12.883    u_cnn_accelerator_top/u_final_conv_engine/g_requant[6].u_requant_relu/D[31]
    SLICE_X65Y51         FDRE                                         r  u_cnn_accelerator_top/u_final_conv_engine/g_requant[6].u_requant_relu/s1_mult_reg0__0_i_1_psdsp/D
  -------------------------------------------------------------------    -------------------

                         (clock clk rise edge)        6.667     6.667 r  
    M25                                               0.000     6.667 r  clk (IN)
                         net (fo=0)                   0.000     6.667    clk_IBUF_inst/I
    M25                  INBUF (Prop_INBUF_HRIO_PAD_O)
                                                      0.588     7.255 r  clk_IBUF_inst/INBUF_INST/O
                         net (fo=1, routed)           0.059     7.314    clk_IBUF_inst/OUT
    M25                  IBUFCTRL (Prop_IBUFCTRL_HRIO_I_O)
                                                      0.032     7.346 r  clk_IBUF_inst/IBUFCTRL_INST/O
                         net (fo=1, routed)           0.524     7.870    clk_IBUF
    BUFGCE_X1Y24         BUFGCE (Prop_BUFCE_BUFGCE_I_O)
                                                      0.075     7.945 r  clk_IBUF_BUFG_inst/O
    X2Y1 (CLOCK_ROOT)    net (fo=21242, routed)       1.709     9.654    u_cnn_accelerator_top/u_final_conv_engine/g_requant[6].u_requant_relu/clk_IBUF_BUFG
    SLICE_X65Y51         FDRE                                         r  u_cnn_accelerator_top/u_final_conv_engine/g_requant[6].u_requant_relu/s1_mult_reg0__0_i_1_psdsp/C
                         clock pessimism              0.446    10.100    
                         clock uncertainty           -0.035    10.064    
    SLICE_X65Y51         FDRE (Setup_GFF2_SLICEL_C_D)
                                                      0.061    10.125    u_cnn_accelerator_top/u_final_conv_engine/g_requant[6].u_requant_relu/s1_mult_reg0__0_i_1_psdsp
  -------------------------------------------------------------------
                         required time                         10.125    
                         arrival time                         -12.883    
  -------------------------------------------------------------------
                         slack                                 -2.758    





Min Delay Paths
--------------------------------------------------------------------------------------
Slack (MET) :             0.030ns  (arrival time - required time)
  Source:                 u_cnn_accelerator_top/u_depthwise_conv_engine/g_requant[4].u_requant_relu/s3_add_bias_reg[12]/C
                            (rising edge-triggered cell FDRE clocked by clk  {rise@0.000ns fall@3.333ns period=6.667ns})
  Destination:            u_cnn_accelerator_top/u_depthwise_conv_engine/g_requant[4].u_requant_relu/s4_add_zp_reg[32]/D
                            (rising edge-triggered cell FDRE clocked by clk  {rise@0.000ns fall@3.333ns period=6.667ns})
  Path Group:             clk
  Path Type:              Hold (Min at Fast Process Corner)
  Requirement:            0.000ns  (clk rise@0.000ns - clk rise@0.000ns)
  Data Path Delay:        0.273ns  (logic 0.188ns (68.864%)  route 0.085ns (31.136%))
  Logic Levels:           5  (CARRY8=4 LUT2=1)
  Clock Path Skew:        0.187ns (DCD - SCD - CPR)
    Destination Clock Delay (DCD):    2.095ns
    Source Clock Delay      (SCD):    1.558ns
    Clock Pessimism Removal (CPR):    0.350ns
  Clock Net Delay (Source):      0.782ns (routing 0.127ns, distribution 0.655ns)
  Clock Net Delay (Destination): 0.984ns (routing 0.142ns, distribution 0.842ns)

    Location             Delay type                Incr(ns)  Path(ns)    Netlist Resource(s)
  -------------------------------------------------------------------    -------------------
                         (clock clk rise edge)        0.000     0.000 r  
    M25                                               0.000     0.000 r  clk (IN)
                         net (fo=0)                   0.000     0.000    clk_IBUF_inst/I
    M25                  INBUF (Prop_INBUF_HRIO_PAD_O)
                                                      0.414     0.414 r  clk_IBUF_inst/INBUF_INST/O
                         net (fo=1, routed)           0.025     0.439    clk_IBUF_inst/OUT
    M25                  IBUFCTRL (Prop_IBUFCTRL_HRIO_I_O)
                                                      0.015     0.454 r  clk_IBUF_inst/IBUFCTRL_INST/O
                         net (fo=1, routed)           0.295     0.749    clk_IBUF
    BUFGCE_X1Y24         BUFGCE (Prop_BUFCE_BUFGCE_I_O)
                                                      0.027     0.776 r  clk_IBUF_BUFG_inst/O
    X2Y1 (CLOCK_ROOT)    net (fo=21242, routed)       0.782     1.558    u_cnn_accelerator_top/u_depthwise_conv_engine/g_requant[4].u_requant_relu/clk_IBUF_BUFG
    SLICE_X55Y117        FDRE                                         r  u_cnn_accelerator_top/u_depthwise_conv_engine/g_requant[4].u_requant_relu/s3_add_bias_reg[12]/C
  -------------------------------------------------------------------    -------------------
    SLICE_X55Y117        FDRE (Prop_EFF_SLICEM_C_Q)
                                                      0.049     1.607 r  u_cnn_accelerator_top/u_depthwise_conv_engine/g_requant[4].u_requant_relu/s3_add_bias_reg[12]/Q
                         net (fo=3, routed)           0.074     1.681    u_cnn_accelerator_top/u_depthwise_conv_engine/g_requant[4].u_requant_relu/s3_add_bias[12]
    SLICE_X56Y117        LUT2 (Prop_E6LUT_SLICEL_I1_O)
                                                      0.015     1.696 r  u_cnn_accelerator_top/u_depthwise_conv_engine/g_requant[4].u_requant_relu/s4_add_zp[15]_i_5__19/O
                         net (fo=1, routed)           0.001     1.697    u_cnn_accelerator_top_n_4585
    SLICE_X56Y117        CARRY8 (Prop_CARRY8_SLICEL_S[4]_CO[7])
                                                      0.058     1.755 r  u_depthwise_conv_engine/g_requant[4].u_requant_relu/s4_add_zp_reg[15]_i_1/CO[7]
                         net (fo=1, routed)           0.000     1.755    u_depthwise_conv_engine/g_requant[4].u_requant_relu/s4_add_zp_reg[15]_i_1_n_0
    SLICE_X56Y118        CARRY8 (Prop_CARRY8_SLICEL_CI_CO[7])
                                                      0.016     1.771 r  u_depthwise_conv_engine/g_requant[4].u_requant_relu/s4_add_zp_reg[23]_i_1/CO[7]
                         net (fo=1, routed)           0.000     1.771    u_depthwise_conv_engine/g_requant[4].u_requant_relu/s4_add_zp_reg[23]_i_1_n_0
    SLICE_X56Y119        CARRY8 (Prop_CARRY8_SLICEL_CI_CO[7])
                                                      0.016     1.787 r  u_depthwise_conv_engine/g_requant[4].u_requant_relu/s4_add_zp_reg[31]_i_1/CO[7]
                         net (fo=1, routed)           0.000     1.787    u_depthwise_conv_engine/g_requant[4].u_requant_relu/s4_add_zp_reg[31]_i_1_n_0
    SLICE_X56Y120        CARRY8 (Prop_CARRY8_SLICEL_CI_O[0])
                                                      0.034     1.821 r  u_depthwise_conv_engine/g_requant[4].u_requant_relu/s4_add_zp_reg[39]_i_1/O[0]
                         net (fo=1, routed)           0.010     1.831    u_cnn_accelerator_top/u_depthwise_conv_engine/g_requant[4].u_requant_relu/s4_add_zp_reg[39]_0[32]
    SLICE_X56Y120        FDRE                                         r  u_cnn_accelerator_top/u_depthwise_conv_engine/g_requant[4].u_requant_relu/s4_add_zp_reg[32]/D
  -------------------------------------------------------------------    -------------------

                         (clock clk rise edge)        0.000     0.000 r  
    M25                                               0.000     0.000 r  clk (IN)
                         net (fo=0)                   0.000     0.000    clk_IBUF_inst/I
    M25                  INBUF (Prop_INBUF_HRIO_PAD_O)
                                                      0.671     0.671 r  clk_IBUF_inst/INBUF_INST/O
                         net (fo=1, routed)           0.042     0.713    clk_IBUF_inst/OUT
    M25                  IBUFCTRL (Prop_IBUFCTRL_HRIO_I_O)
                                                      0.022     0.735 r  clk_IBUF_inst/IBUFCTRL_INST/O
                         net (fo=1, routed)           0.345     1.080    clk_IBUF
    BUFGCE_X1Y24         BUFGCE (Prop_BUFCE_BUFGCE_I_O)
                                                      0.031     1.111 r  clk_IBUF_BUFG_inst/O
    X2Y1 (CLOCK_ROOT)    net (fo=21242, routed)       0.984     2.095    u_cnn_accelerator_top/u_depthwise_conv_engine/g_requant[4].u_requant_relu/clk_IBUF_BUFG
    SLICE_X56Y120        FDRE                                         r  u_cnn_accelerator_top/u_depthwise_conv_engine/g_requant[4].u_requant_relu/s4_add_zp_reg[32]/C
                         clock pessimism             -0.350     1.745    
    SLICE_X56Y120        FDRE (Hold_AFF_SLICEL_C_D)
                                                      0.056     1.801    u_cnn_accelerator_top/u_depthwise_conv_engine/g_requant[4].u_requant_relu/s4_add_zp_reg[32]
  -------------------------------------------------------------------
                         required time                         -1.801    
                         arrival time                           1.831    
  -------------------------------------------------------------------
                         slack                                  0.030    





Pulse Width Checks
--------------------------------------------------------------------------------------
Clock Name:         clk
Waveform(ns):       { 0.000 3.333 }
Period(ns):         6.667
Sources:            { clk }

Check Type        Corner  Lib Pin             Reference Pin  Required(ns)  Actual(ns)  Slack(ns)  Location      Pin
Min Period        n/a     RAMB36E2/CLKARDCLK  n/a            1.961         6.667       4.706      RAMB36_X7Y17  u_cnn_accelerator_top/u_input_buffer/mem_reg_0/CLKARDCLK
Low Pulse Width   Slow    RAMB36E2/CLKARDCLK  n/a            0.980         3.333       2.353      RAMB36_X7Y17  u_cnn_accelerator_top/u_input_buffer/mem_reg_0/CLKARDCLK
High Pulse Width  Slow    RAMB36E2/CLKARDCLK  n/a            0.980         3.333       2.353      RAMB36_X7Y17  u_cnn_accelerator_top/u_input_buffer/mem_reg_0/CLKARDCLK



