Copyright 1986-2021 Xilinx, Inc. All Rights Reserved.
-----------------------------------------------------------------------------------------------------------------------------------
| Tool Version      : Vivado v.2021.2 (win64) Build 3367213 Tue Oct 19 02:48:09 MDT 2021
| Date              : Wed May 13 20:10:21 2026
| Host              : DESKTOP-03GC14L running 64-bit major release  (build 9200)
| Command           : report_timing_summary -name timing_1 -file D:/RICS_V_CNN/1DCNN_ACC/reports/timing_sweep/150MHz_v1_timing.rpt
| Design            : soc_top
| Device            : xcku040-ffva1156
| Speed File        : -2  PRODUCTION 1.25 12-04-2018
| Temperature Grade : I
-----------------------------------------------------------------------------------------------------------------------------------

Timing Summary Report

------------------------------------------------------------------------------------------------
| Timer Settings
| --------------
------------------------------------------------------------------------------------------------

  Enable Multi Corner Analysis               :  Yes
  Enable Pessimism Removal                   :  Yes
  Pessimism Removal Resolution               :  Nearest Common Node
  Enable Input Delay Default Clock           :  No
  Enable Preset / Clear Arcs                 :  No
  Disable Flight Delays                      :  No
  Ignore I/O Paths                           :  No
  Timing Early Launch at Borrowing Latches   :  No
  Borrow Time for Max Delay Exceptions       :  Yes
  Merge Timing Exceptions                    :  Yes

  Corner  Analyze    Analyze    
  Name    Max Paths  Min Paths  
  ------  ---------  ---------  
  Slow    Yes        Yes        
  Fast    Yes        Yes        


------------------------------------------------------------------------------------------------
| Report Methodology
| ------------------
------------------------------------------------------------------------------------------------

No report available as report_methodology has not been run prior. Run report_methodology on the current design for the summary of methodology violations.



check_timing report

Table of Contents
-----------------
1. checking no_clock (0)
2. checking constant_clock (0)
3. checking pulse_width_clock (0)
4. checking unconstrained_internal_endpoints (0)
5. checking no_input_delay (12)
6. checking no_output_delay (79)
7. checking multiple_clock (0)
8. checking generated_clocks (0)
9. checking loops (0)
10. checking partial_input_delay (0)
11. checking partial_output_delay (0)
12. checking latch_loops (0)

1. checking no_clock (0)
------------------------
 There are 0 register/latch pins with no clock.


2. checking constant_clock (0)
------------------------------
 There are 0 register/latch pins with constant_clock.


3. checking pulse_width_clock (0)
---------------------------------
 There are 0 register/latch pins which need pulse_width check


4. checking unconstrained_internal_endpoints (0)
------------------------------------------------
 There are 0 pins that are not constrained for maximum delay.

 There are 0 pins that are not constrained for maximum delay due to constant clock.


5. checking no_input_delay (12)
-------------------------------
 There are 12 input ports with no input delay specified. (HIGH)

 There are 0 input ports with no input delay but user has a false path constraint.


6. checking no_output_delay (79)
--------------------------------
 There are 79 ports with no output delay specified. (HIGH)

 There are 0 ports with no output delay but user has a false path constraint

 There are 0 ports with no output delay but with a timing clock defined on it or propagating through it


7. checking multiple_clock (0)
------------------------------
 There are 0 register/latch pins with multiple clocks.


8. checking generated_clocks (0)
--------------------------------
 There are 0 generated clocks that are not connected to a clock source.


9. checking loops (0)
---------------------
 There are 0 combinational loops in the design.


10. checking partial_input_delay (0)
------------------------------------
 There are 0 input ports with partial input delay specified.


11. checking partial_output_delay (0)
-------------------------------------
 There are 0 ports with partial output delay specified.


12. checking latch_loops (0)
----------------------------
 There are 0 combinational latch loops in the design through latch input



------------------------------------------------------------------------------------------------
| Design Timing Summary
| ---------------------
------------------------------------------------------------------------------------------------

    WNS(ns)      TNS(ns)  TNS Failing Endpoints  TNS Total Endpoints      WHS(ns)      THS(ns)  THS Failing Endpoints  THS Total Endpoints     WPWS(ns)     TPWS(ns)  TPWS Failing Endpoints  TPWS Total Endpoints  
    -------      -------  ---------------------  -------------------      -------      -------  ---------------------  -------------------     --------     --------  ----------------------  --------------------  
     -2.870    -6805.195                   6557                70284        0.016        0.000                      0                70284        2.353        0.000                       0                 19026  


Timing constraints are not met.


------------------------------------------------------------------------------------------------
| Clock Summary
| -------------
------------------------------------------------------------------------------------------------

Clock  Waveform(ns)         Period(ns)      Frequency(MHz)
-----  ------------         ----------      --------------
clk    {0.000 3.333}        6.667           149.992         


------------------------------------------------------------------------------------------------
| Intra Clock Table
| -----------------
------------------------------------------------------------------------------------------------

Clock             WNS(ns)      TNS(ns)  TNS Failing Endpoints  TNS Total Endpoints      WHS(ns)      THS(ns)  THS Failing Endpoints  THS Total Endpoints     WPWS(ns)     TPWS(ns)  TPWS Failing Endpoints  TPWS Total Endpoints  
-----             -------      -------  ---------------------  -------------------      -------      -------  ---------------------  -------------------     --------     --------  ----------------------  --------------------  
clk                -2.870    -6805.195                   6557                70284        0.016        0.000                      0                70284        2.353        0.000                       0                 19026  


------------------------------------------------------------------------------------------------
| Inter Clock Table
| -----------------
------------------------------------------------------------------------------------------------

From Clock    To Clock          WNS(ns)      TNS(ns)  TNS Failing Endpoints  TNS Total Endpoints      WHS(ns)      THS(ns)  THS Failing Endpoints  THS Total Endpoints  
----------    --------          -------      -------  ---------------------  -------------------      -------      -------  ---------------------  -------------------  


------------------------------------------------------------------------------------------------
| Other Path Groups Table
| -----------------------
------------------------------------------------------------------------------------------------

Path Group    From Clock    To Clock          WNS(ns)      TNS(ns)  TNS Failing Endpoints  TNS Total Endpoints      WHS(ns)      THS(ns)  THS Failing Endpoints  THS Total Endpoints  
----------    ----------    --------          -------      -------  ---------------------  -------------------      -------      -------  ---------------------  -------------------  


------------------------------------------------------------------------------------------------
| Timing Details
| --------------
------------------------------------------------------------------------------------------------


---------------------------------------------------------------------------------------------------
From Clock:  clk
  To Clock:  clk

Setup :         6557  Failing Endpoints,  Worst Slack       -2.870ns,  Total Violation    -6805.195ns
Hold  :            0  Failing Endpoints,  Worst Slack        0.016ns,  Total Violation        0.000ns
PW    :            0  Failing Endpoints,  Worst Slack        2.353ns,  Total Violation        0.000ns
---------------------------------------------------------------------------------------------------


Max Delay Paths
--------------------------------------------------------------------------------------
Slack (VIOLATED) :        -2.870ns  (required time - arrival time)
  Source:                 u_cnn_accelerator_top/u_pointwise_conv_engine/feat_rd_data_r_reg[26]/C
                            (rising edge-triggered cell FDRE clocked by clk  {rise@0.000ns fall@3.333ns period=6.667ns})
  Destination:            u_cnn_accelerator_top/u_pointwise_conv_engine/acc_reg_reg[6][30]/D
                            (rising edge-triggered cell FDRE clocked by clk  {rise@0.000ns fall@3.333ns period=6.667ns})
  Path Group:             clk
  Path Type:              Setup (Max at Slow Process Corner)
  Requirement:            6.667ns  (clk rise@6.667ns - clk rise@0.000ns)
  Data Path Delay:        9.403ns  (logic 5.131ns (54.568%)  route 4.272ns (45.432%))
  Logic Levels:           21  (CARRY8=4 DSP_A_B_DATA=1 DSP_ALU=2 DSP_M_DATA=1 DSP_MULTIPLIER=1 DSP_OUTPUT=2 DSP_PREADD_DATA=1 LUT2=1 LUT3=2 LUT5=3 LUT6=3)
  Clock Path Skew:        -0.157ns (DCD - SCD + CPR)
    Destination Clock Delay (DCD):    3.085ns = ( 9.752 - 6.667 ) 
    Source Clock Delay      (SCD):    3.705ns
    Clock Pessimism Removal (CPR):    0.463ns
  Clock Uncertainty:      0.035ns  ((TSJ^2 + TIJ^2)^1/2 + DJ) / 2 + PE
    Total System Jitter     (TSJ):    0.071ns
    Total Input Jitter      (TIJ):    0.000ns
    Discrete Jitter          (DJ):    0.000ns
    Phase Error              (PE):    0.000ns
  Clock Net Delay (Source):      2.071ns (routing 0.335ns, distribution 1.736ns)
  Clock Net Delay (Destination): 1.807ns (routing 0.309ns, distribution 1.498ns)

    Location             Delay type                Incr(ns)  Path(ns)    Netlist Resource(s)
  -------------------------------------------------------------------    -------------------
                         (clock clk rise edge)        0.000     0.000 r  
    M25                                               0.000     0.000 r  clk (IN)
                         net (fo=0)                   0.000     0.000    clk_IBUF_inst/I
    M25                  INBUF (Prop_INBUF_HRIO_PAD_O)
                                                      0.801     0.801 r  clk_IBUF_inst/INBUF_INST/O
                         net (fo=1, routed)           0.092     0.893    clk_IBUF_inst/OUT
    M25                  IBUFCTRL (Prop_IBUFCTRL_HRIO_I_O)
                                                      0.043     0.936 r  clk_IBUF_inst/IBUFCTRL_INST/O
                         net (fo=1, routed)           0.615     1.551    clk_IBUF
    BUFGCE_X1Y24         BUFGCE (Prop_BUFCE_BUFGCE_I_O)
                                                      0.083     1.634 r  clk_IBUF_BUFG_inst/O
    X2Y1 (CLOCK_ROOT)    net (fo=20081, routed)       2.071     3.705    u_cnn_accelerator_top/u_pointwise_conv_engine/clk_IBUF_BUFG
    SLICE_X24Y115        FDRE                                         r  u_cnn_accelerator_top/u_pointwise_conv_engine/feat_rd_data_r_reg[26]/C
  -------------------------------------------------------------------    -------------------
    SLICE_X24Y115        FDRE (Prop_AFF_SLICEM_C_Q)
                                                      0.115     3.820 r  u_cnn_accelerator_top/u_pointwise_conv_engine/feat_rd_data_r_reg[26]/Q
                         net (fo=16, routed)          0.501     4.321    u_cnn_accelerator_top/u_pointwise_conv_engine/feat_rd_data_r[26]
    SLICE_X24Y97         LUT6 (Prop_A6LUT_SLICEM_I1_O)
                                                      0.176     4.497 r  u_cnn_accelerator_top/u_pointwise_conv_engine/p_2_out__18_i_10/O
                         net (fo=3, routed)           0.416     4.913    u_cnn_accelerator_top/u_pointwise_conv_engine/p_2_out__18_i_10_n_0
    SLICE_X25Y75         LUT5 (Prop_A6LUT_SLICEL_I2_O)
                                                      0.040     4.953 r  u_cnn_accelerator_top/u_pointwise_conv_engine/p_2_out__18_i_9/O
                         net (fo=3, routed)           0.160     5.113    u_cnn_accelerator_top/u_pointwise_conv_engine/p_2_out__18_i_9_n_0
    SLICE_X27Y75         LUT5 (Prop_A6LUT_SLICEL_I2_O)
                                                      0.040     5.153 r  u_cnn_accelerator_top/u_pointwise_conv_engine/p_2_out__17_i_11/O
                         net (fo=2, routed)           0.211     5.364    u_cnn_accelerator_top/u_pointwise_conv_engine/p_2_out__17_i_11_n_0
    SLICE_X28Y75         LUT3 (Prop_F6LUT_SLICEL_I0_O)
                                                      0.132     5.496 f  u_cnn_accelerator_top/u_pointwise_conv_engine/p_2_out__18_i_1/O
                         net (fo=2, routed)           0.530     6.026    u_cnn_accelerator_top/u_pointwise_conv_engine/p_2_out__18/A[7]
    DSP48E2_X4Y24        DSP_A_B_DATA (Prop_DSP_A_B_DATA_DSP48E2_A[7]_A2_DATA[7])
                                                      0.337     6.363 r  u_cnn_accelerator_top/u_pointwise_conv_engine/p_2_out__18/DSP_A_B_DATA_INST/A2_DATA[7]
                         net (fo=1, routed)           0.000     6.363    u_cnn_accelerator_top/u_pointwise_conv_engine/p_2_out__18/DSP_A_B_DATA.A2_DATA<7>
    DSP48E2_X4Y24        DSP_PREADD_DATA (Prop_DSP_PREADD_DATA_DSP48E2_A2_DATA[7]_A2A1[7])
                                                      0.155     6.518 r  u_cnn_accelerator_top/u_pointwise_conv_engine/p_2_out__18/DSP_PREADD_DATA_INST/A2A1[7]
                         net (fo=1, routed)           0.000     6.518    u_cnn_accelerator_top/u_pointwise_conv_engine/p_2_out__18/DSP_PREADD_DATA.A2A1<7>
    DSP48E2_X4Y24        DSP_MULTIPLIER (Prop_DSP_MULTIPLIER_DSP48E2_A2A1[7]_U[28])
                                                      0.866     7.384 f  u_cnn_accelerator_top/u_pointwise_conv_engine/p_2_out__18/DSP_MULTIPLIER_INST/U[28]
                         net (fo=1, routed)           0.000     7.384    u_cnn_accelerator_top/u_pointwise_conv_engine/p_2_out__18/DSP_MULTIPLIER.U<28>
    DSP48E2_X4Y24        DSP_M_DATA (Prop_DSP_M_DATA_DSP48E2_U[28]_U_DATA[28])
                                                      0.110     7.494 r  u_cnn_accelerator_top/u_pointwise_conv_engine/p_2_out__18/DSP_M_DATA_INST/U_DATA[28]
                         net (fo=1, routed)           0.000     7.494    u_cnn_accelerator_top/u_pointwise_conv_engine/p_2_out__18/DSP_M_DATA.U_DATA<28>
    DSP48E2_X4Y24        DSP_ALU (Prop_DSP_ALU_DSP48E2_U_DATA[28]_ALU_OUT[47])
                                                      0.702     8.196 f  u_cnn_accelerator_top/u_pointwise_conv_engine/p_2_out__18/DSP_ALU_INST/ALU_OUT[47]
                         net (fo=1, routed)           0.000     8.196    u_cnn_accelerator_top/u_pointwise_conv_engine/p_2_out__18/DSP_ALU.ALU_OUT<47>
    DSP48E2_X4Y24        DSP_OUTPUT (Prop_DSP_OUTPUT_DSP48E2_ALU_OUT[47]_PCOUT[47])
                                                      0.197     8.393 r  u_cnn_accelerator_top/u_pointwise_conv_engine/p_2_out__18/DSP_OUTPUT_INST/PCOUT[47]
                         net (fo=1, routed)           0.019     8.412    u_cnn_accelerator_top/u_pointwise_conv_engine/p_2_out__19/PCIN[47]
    DSP48E2_X4Y25        DSP_ALU (Prop_DSP_ALU_DSP48E2_PCIN[47]_ALU_OUT[0])
                                                      0.673     9.085 f  u_cnn_accelerator_top/u_pointwise_conv_engine/p_2_out__19/DSP_ALU_INST/ALU_OUT[0]
                         net (fo=1, routed)           0.000     9.085    u_cnn_accelerator_top/u_pointwise_conv_engine/p_2_out__19/DSP_ALU.ALU_OUT<0>
    DSP48E2_X4Y25        DSP_OUTPUT (Prop_DSP_OUTPUT_DSP48E2_ALU_OUT[0]_P[0])
                                                      0.193     9.278 r  u_cnn_accelerator_top/u_pointwise_conv_engine/p_2_out__19/DSP_OUTPUT_INST/P[0]
                         net (fo=2, routed)           0.537     9.815    u_cnn_accelerator_top/u_pointwise_conv_engine/p_2_out__19_n_105
    SLICE_X28Y72         LUT2 (Prop_B6LUT_SLICEL_I0_O)
                                                      0.116     9.931 r  u_cnn_accelerator_top/u_pointwise_conv_engine/acc_reg[6][31]_i_269/O
                         net (fo=1, routed)           0.000     9.931    u_cnn_accelerator_top/u_pointwise_conv_engine/acc_reg[6][31]_i_269_n_0
    SLICE_X28Y72         CARRY8 (Prop_CARRY8_SLICEL_S[1]_CO[7])
                                                      0.343    10.274 r  u_cnn_accelerator_top/u_pointwise_conv_engine/acc_reg_reg[6][31]_i_129/CO[7]
                         net (fo=1, routed)           0.027    10.301    u_cnn_accelerator_top/u_pointwise_conv_engine/acc_reg_reg[6][31]_i_129_n_0
    SLICE_X28Y73         CARRY8 (Prop_CARRY8_SLICEL_CI_O[1])
                                                      0.133    10.434 r  u_cnn_accelerator_top/u_pointwise_conv_engine/acc_reg_reg[6][31]_i_125/O[1]
                         net (fo=4, routed)           0.535    10.969    u_cnn_accelerator_top_n_3479
    SLICE_X24Y80         LUT5 (Prop_A6LUT_SLICEM_I0_O)
                                                      0.115    11.084 r  acc_reg[6][31]_i_148/O
                         net (fo=1, routed)           0.388    11.472    acc_reg[6][31]_i_148_n_0
    SLICE_X25Y80         LUT6 (Prop_B6LUT_SLICEL_I3_O)
                                                      0.071    11.543 r  acc_reg[6][31]_i_42/O
                         net (fo=1, routed)           0.000    11.543    u_cnn_accelerator_top/u_pointwise_conv_engine/acc_reg[6][31]_i_18_1[1]
    SLICE_X25Y80         CARRY8 (Prop_CARRY8_SLICEL_S[1]_O[4])
                                                      0.260    11.803 r  u_cnn_accelerator_top/u_pointwise_conv_engine/acc_reg_reg[6][31]_i_21/O[4]
                         net (fo=3, routed)           0.386    12.189    u_cnn_accelerator_top/u_pointwise_conv_engine/acc_reg_reg[6][31]_i_21_n_11
    SLICE_X26Y86         LUT3 (Prop_H6LUT_SLICEM_I0_O)
                                                      0.043    12.232 r  u_cnn_accelerator_top/u_pointwise_conv_engine/acc_reg[6][31]_i_5/O
                         net (fo=1, routed)           0.344    12.576    u_cnn_accelerator_top/u_pointwise_conv_engine/acc_reg[6][31]_i_5_n_0
    SLICE_X25Y86         CARRY8 (Prop_CARRY8_SLICEL_DI[5]_O[6])
                                                      0.198    12.774 r  u_cnn_accelerator_top/u_pointwise_conv_engine/acc_reg_reg[6][31]_i_2/O[6]
                         net (fo=1, routed)           0.192    12.966    u_cnn_accelerator_top/u_pointwise_conv_engine/acc_reg_reg[6][31]_i_2_n_9
    SLICE_X25Y87         LUT6 (Prop_B6LUT_SLICEL_I3_O)
                                                      0.116    13.082 r  u_cnn_accelerator_top/u_pointwise_conv_engine/acc_reg[6][30]_i_1/O
                         net (fo=1, routed)           0.026    13.108    u_cnn_accelerator_top/u_pointwise_conv_engine/acc_reg[30]
    SLICE_X25Y87         FDRE                                         r  u_cnn_accelerator_top/u_pointwise_conv_engine/acc_reg_reg[6][30]/D
  -------------------------------------------------------------------    -------------------

                         (clock clk rise edge)        6.667     6.667 r  
    M25                                               0.000     6.667 r  clk (IN)
                         net (fo=0)                   0.000     6.667    clk_IBUF_inst/I
    M25                  INBUF (Prop_INBUF_HRIO_PAD_O)
                                                      0.588     7.255 r  clk_IBUF_inst/INBUF_INST/O
                         net (fo=1, routed)           0.059     7.314    clk_IBUF_inst/OUT
    M25                  IBUFCTRL (Prop_IBUFCTRL_HRIO_I_O)
                                                      0.032     7.346 r  clk_IBUF_inst/IBUFCTRL_INST/O
                         net (fo=1, routed)           0.524     7.870    clk_IBUF
    BUFGCE_X1Y24         BUFGCE (Prop_BUFCE_BUFGCE_I_O)
                                                      0.075     7.945 r  clk_IBUF_BUFG_inst/O
    X2Y1 (CLOCK_ROOT)    net (fo=20081, routed)       1.807     9.752    u_cnn_accelerator_top/u_pointwise_conv_engine/clk_IBUF_BUFG
    SLICE_X25Y87         FDRE                                         r  u_cnn_accelerator_top/u_pointwise_conv_engine/acc_reg_reg[6][30]/C
                         clock pessimism              0.463    10.215    
                         clock uncertainty           -0.035    10.180    
    SLICE_X25Y87         FDRE (Setup_BFF_SLICEL_C_D)
                                                      0.058    10.238    u_cnn_accelerator_top/u_pointwise_conv_engine/acc_reg_reg[6][30]
  -------------------------------------------------------------------
                         required time                         10.238    
                         arrival time                         -13.108    
  -------------------------------------------------------------------
                         slack                                 -2.870    





Min Delay Paths
--------------------------------------------------------------------------------------
Slack (MET) :             0.016ns  (arrival time - required time)
  Source:                 u_cnn_accelerator_top/u_depthwise_conv_engine/wb_pos_reg[0][5]/C
                            (rising edge-triggered cell FDRE clocked by clk  {rise@0.000ns fall@3.333ns period=6.667ns})
  Destination:            u_cnn_accelerator_top/u_depthwise_conv_engine/wb_pos_reg[3][5]_srl3___u_cnn_accelerator_top_u_final_conv_engine_g_requant_r_0/D
                            (rising edge-triggered cell SRL16E clocked by clk  {rise@0.000ns fall@3.333ns period=6.667ns})
  Path Group:             clk
  Path Type:              Hold (Min at Slow Process Corner)
  Requirement:            0.000ns  (clk rise@0.000ns - clk rise@0.000ns)
  Data Path Delay:        0.468ns  (logic 0.106ns (22.650%)  route 0.362ns (77.350%))
  Logic Levels:           0  
  Clock Path Skew:        0.148ns (DCD - SCD - CPR)
    Destination Clock Delay (DCD):    3.690ns
    Source Clock Delay      (SCD):    3.082ns
    Clock Pessimism Removal (CPR):    0.460ns
  Clock Net Delay (Source):      1.804ns (routing 0.309ns, distribution 1.495ns)
  Clock Net Delay (Destination): 2.056ns (routing 0.335ns, distribution 1.721ns)

    Location             Delay type                Incr(ns)  Path(ns)    Netlist Resource(s)
  -------------------------------------------------------------------    -------------------
                         (clock clk rise edge)        0.000     0.000 r  
    M25                                               0.000     0.000 r  clk (IN)
                         net (fo=0)                   0.000     0.000    clk_IBUF_inst/I
    M25                  INBUF (Prop_INBUF_HRIO_PAD_O)
                                                      0.588     0.588 r  clk_IBUF_inst/INBUF_INST/O
                         net (fo=1, routed)           0.059     0.647    clk_IBUF_inst/OUT
    M25                  IBUFCTRL (Prop_IBUFCTRL_HRIO_I_O)
                                                      0.032     0.679 r  clk_IBUF_inst/IBUFCTRL_INST/O
                         net (fo=1, routed)           0.524     1.203    clk_IBUF
    BUFGCE_X1Y24         BUFGCE (Prop_BUFCE_BUFGCE_I_O)
                                                      0.075     1.278 r  clk_IBUF_BUFG_inst/O
    X2Y1 (CLOCK_ROOT)    net (fo=20081, routed)       1.804     3.082    u_cnn_accelerator_top/u_depthwise_conv_engine/clk_IBUF_BUFG
    SLICE_X31Y32         FDRE                                         r  u_cnn_accelerator_top/u_depthwise_conv_engine/wb_pos_reg[0][5]/C
  -------------------------------------------------------------------    -------------------
    SLICE_X31Y32         FDRE (Prop_EFF2_SLICEL_C_Q)
                                                      0.106     3.188 r  u_cnn_accelerator_top/u_depthwise_conv_engine/wb_pos_reg[0][5]/Q
                         net (fo=1, routed)           0.362     3.550    u_cnn_accelerator_top/u_depthwise_conv_engine/wb_pos_reg[0]_68[5]
    SLICE_X30Y27         SRL16E                                       r  u_cnn_accelerator_top/u_depthwise_conv_engine/wb_pos_reg[3][5]_srl3___u_cnn_accelerator_top_u_final_conv_engine_g_requant_r_0/D
  -------------------------------------------------------------------    -------------------

                         (clock clk rise edge)        0.000     0.000 r  
    M25                                               0.000     0.000 r  clk (IN)
                         net (fo=0)                   0.000     0.000    clk_IBUF_inst/I
    M25                  INBUF (Prop_INBUF_HRIO_PAD_O)
                                                      0.801     0.801 r  clk_IBUF_inst/INBUF_INST/O
                         net (fo=1, routed)           0.092     0.893    clk_IBUF_inst/OUT
    M25                  IBUFCTRL (Prop_IBUFCTRL_HRIO_I_O)
                                                      0.043     0.936 r  clk_IBUF_inst/IBUFCTRL_INST/O
                         net (fo=1, routed)           0.615     1.551    clk_IBUF
    BUFGCE_X1Y24         BUFGCE (Prop_BUFCE_BUFGCE_I_O)
                                                      0.083     1.634 r  clk_IBUF_BUFG_inst/O
    X2Y1 (CLOCK_ROOT)    net (fo=20081, routed)       2.056     3.690    u_cnn_accelerator_top/u_depthwise_conv_engine/clk_IBUF_BUFG
    SLICE_X30Y27         SRL16E                                       r  u_cnn_accelerator_top/u_depthwise_conv_engine/wb_pos_reg[3][5]_srl3___u_cnn_accelerator_top_u_final_conv_engine_g_requant_r_0/CLK
                         clock pessimism             -0.460     3.230    
    SLICE_X30Y27         SRL16E (Hold_H6LUT_SLICEM_CLK_D)
                                                      0.304     3.534    u_cnn_accelerator_top/u_depthwise_conv_engine/wb_pos_reg[3][5]_srl3___u_cnn_accelerator_top_u_final_conv_engine_g_requant_r_0
  -------------------------------------------------------------------
                         required time                         -3.534    
                         arrival time                           3.550    
  -------------------------------------------------------------------
                         slack                                  0.016    





Pulse Width Checks
--------------------------------------------------------------------------------------
Clock Name:         clk
Waveform(ns):       { 0.000 3.333 }
Period(ns):         6.667
Sources:            { clk }

Check Type        Corner  Lib Pin             Reference Pin  Required(ns)  Actual(ns)  Slack(ns)  Location     Pin
Min Period        n/a     RAMB36E2/CLKARDCLK  n/a            1.961         6.667       4.706      RAMB36_X3Y4  u_cnn_accelerator_top/u_input_buffer/mem_reg_0/CLKARDCLK
Low Pulse Width   Slow    RAMB36E2/CLKARDCLK  n/a            0.980         3.334       2.354      RAMB36_X3Y4  u_cnn_accelerator_top/u_input_buffer/mem_reg_0/CLKARDCLK
High Pulse Width  Slow    RAMB36E2/CLKARDCLK  n/a            0.980         3.333       2.353      RAMB36_X3Y4  u_cnn_accelerator_top/u_input_buffer/mem_reg_0/CLKARDCLK



