Copyright 1986-2021 Xilinx, Inc. All Rights Reserved.
--------------------------------------------------------------------------------------------------------------------
| Tool Version      : Vivado v.2021.2 (win64) Build 3367213 Tue Oct 19 02:48:09 MDT 2021
| Date              : Wed May 13 22:00:18 2026
| Host              : DESKTOP-03GC14L running 64-bit major release  (build 9200)
| Command           : report_timing_summary -file D:/RICS_V_CNN/1DCNN_ACC/reports/timing_sweep/150MHz_v3_timing.rpt
| Design            : soc_top
| Device            : xcku040-ffva1156
| Speed File        : -2  PRODUCTION 1.25 12-04-2018
| Temperature Grade : I
--------------------------------------------------------------------------------------------------------------------

Timing Summary Report

------------------------------------------------------------------------------------------------
| Timer Settings
| --------------
------------------------------------------------------------------------------------------------

  Enable Multi Corner Analysis               :  Yes
  Enable Pessimism Removal                   :  Yes
  Pessimism Removal Resolution               :  Nearest Common Node
  Enable Input Delay Default Clock           :  No
  Enable Preset / Clear Arcs                 :  No
  Disable Flight Delays                      :  No
  Ignore I/O Paths                           :  No
  Timing Early Launch at Borrowing Latches   :  No
  Borrow Time for Max Delay Exceptions       :  Yes
  Merge Timing Exceptions                    :  Yes

  Corner  Analyze    Analyze    
  Name    Max Paths  Min Paths  
  ------  ---------  ---------  
  Slow    Yes        Yes        
  Fast    Yes        Yes        


------------------------------------------------------------------------------------------------
| Report Methodology
| ------------------
------------------------------------------------------------------------------------------------

No report available as report_methodology has not been run prior. Run report_methodology on the current design for the summary of methodology violations.



check_timing report

Table of Contents
-----------------
1. checking no_clock (0)
2. checking constant_clock (0)
3. checking pulse_width_clock (0)
4. checking unconstrained_internal_endpoints (0)
5. checking no_input_delay (12)
6. checking no_output_delay (79)
7. checking multiple_clock (0)
8. checking generated_clocks (0)
9. checking loops (0)
10. checking partial_input_delay (0)
11. checking partial_output_delay (0)
12. checking latch_loops (0)

1. checking no_clock (0)
------------------------
 There are 0 register/latch pins with no clock.


2. checking constant_clock (0)
------------------------------
 There are 0 register/latch pins with constant_clock.


3. checking pulse_width_clock (0)
---------------------------------
 There are 0 register/latch pins which need pulse_width check


4. checking unconstrained_internal_endpoints (0)
------------------------------------------------
 There are 0 pins that are not constrained for maximum delay.

 There are 0 pins that are not constrained for maximum delay due to constant clock.


5. checking no_input_delay (12)
-------------------------------
 There are 12 input ports with no input delay specified. (HIGH)

 There are 0 input ports with no input delay but user has a false path constraint.


6. checking no_output_delay (79)
--------------------------------
 There are 79 ports with no output delay specified. (HIGH)

 There are 0 ports with no output delay but user has a false path constraint

 There are 0 ports with no output delay but with a timing clock defined on it or propagating through it


7. checking multiple_clock (0)
------------------------------
 There are 0 register/latch pins with multiple clocks.


8. checking generated_clocks (0)
--------------------------------
 There are 0 generated clocks that are not connected to a clock source.


9. checking loops (0)
---------------------
 There are 0 combinational loops in the design.


10. checking partial_input_delay (0)
------------------------------------
 There are 0 input ports with partial input delay specified.


11. checking partial_output_delay (0)
-------------------------------------
 There are 0 ports with partial output delay specified.


12. checking latch_loops (0)
----------------------------
 There are 0 combinational latch loops in the design through latch input



------------------------------------------------------------------------------------------------
| Design Timing Summary
| ---------------------
------------------------------------------------------------------------------------------------

    WNS(ns)      TNS(ns)  TNS Failing Endpoints  TNS Total Endpoints      WHS(ns)      THS(ns)  THS Failing Endpoints  THS Total Endpoints     WPWS(ns)     TPWS(ns)  TPWS Failing Endpoints  TPWS Total Endpoints  
    -------      -------  ---------------------  -------------------      -------      -------  ---------------------  -------------------     --------     --------  ----------------------  --------------------  
     -0.403      -12.087                    137                76277        0.015        0.000                      0                76277        2.353        0.000                       0                 23532  


Timing constraints are not met.


------------------------------------------------------------------------------------------------
| Clock Summary
| -------------
------------------------------------------------------------------------------------------------

Clock  Waveform(ns)         Period(ns)      Frequency(MHz)
-----  ------------         ----------      --------------
clk    {0.000 3.333}        6.667           149.992         


------------------------------------------------------------------------------------------------
| Intra Clock Table
| -----------------
------------------------------------------------------------------------------------------------

Clock             WNS(ns)      TNS(ns)  TNS Failing Endpoints  TNS Total Endpoints      WHS(ns)      THS(ns)  THS Failing Endpoints  THS Total Endpoints     WPWS(ns)     TPWS(ns)  TPWS Failing Endpoints  TPWS Total Endpoints  
-----             -------      -------  ---------------------  -------------------      -------      -------  ---------------------  -------------------     --------     --------  ----------------------  --------------------  
clk                -0.403      -12.087                    137                76277        0.015        0.000                      0                76277        2.353        0.000                       0                 23532  


------------------------------------------------------------------------------------------------
| Inter Clock Table
| -----------------
------------------------------------------------------------------------------------------------

From Clock    To Clock          WNS(ns)      TNS(ns)  TNS Failing Endpoints  TNS Total Endpoints      WHS(ns)      THS(ns)  THS Failing Endpoints  THS Total Endpoints  
----------    --------          -------      -------  ---------------------  -------------------      -------      -------  ---------------------  -------------------  


------------------------------------------------------------------------------------------------
| Other Path Groups Table
| -----------------------
------------------------------------------------------------------------------------------------

Path Group    From Clock    To Clock          WNS(ns)      TNS(ns)  TNS Failing Endpoints  TNS Total Endpoints      WHS(ns)      THS(ns)  THS Failing Endpoints  THS Total Endpoints  
----------    ----------    --------          -------      -------  ---------------------  -------------------      -------      -------  ---------------------  -------------------  


------------------------------------------------------------------------------------------------
| Timing Details
| --------------
------------------------------------------------------------------------------------------------


---------------------------------------------------------------------------------------------------
From Clock:  clk
  To Clock:  clk

Setup :          137  Failing Endpoints,  Worst Slack       -0.403ns,  Total Violation      -12.087ns
Hold  :            0  Failing Endpoints,  Worst Slack        0.015ns,  Total Violation        0.000ns
PW    :            0  Failing Endpoints,  Worst Slack        2.353ns,  Total Violation        0.000ns
---------------------------------------------------------------------------------------------------


Max Delay Paths
--------------------------------------------------------------------------------------
Slack (VIOLATED) :        -0.403ns  (required time - arrival time)
  Source:                 u_cnn_accelerator_top/u_depthwise_conv_engine/feat_wr_en_reg[4]/C
                            (rising edge-triggered cell FDRE clocked by clk  {rise@0.000ns fall@3.333ns period=6.667ns})
  Destination:            u_cnn_accelerator_top/u_feature_buffer/g_bank[0].u_bank_ram/u_bram_b/xpm_memory_base_inst/gen_wr_a.gen_word_narrow.mem_reg_0_2/ADDRARDADDR[13]
                            (rising edge-triggered cell RAMB36E2 clocked by clk  {rise@0.000ns fall@3.333ns period=6.667ns})
  Path Group:             clk
  Path Type:              Setup (Max at Slow Process Corner)
  Requirement:            6.667ns  (clk rise@6.667ns - clk rise@0.000ns)
  Data Path Delay:        6.204ns  (logic 1.392ns (22.437%)  route 4.812ns (77.563%))
  Logic Levels:           9  (LUT3=1 LUT4=1 LUT5=1 LUT6=6)
  Clock Path Skew:        -0.348ns (DCD - SCD + CPR)
    Destination Clock Delay (DCD):    2.976ns = ( 9.643 - 6.667 ) 
    Source Clock Delay      (SCD):    3.706ns
    Clock Pessimism Removal (CPR):    0.382ns
  Clock Uncertainty:      0.035ns  ((TSJ^2 + TIJ^2)^1/2 + DJ) / 2 + PE
    Total System Jitter     (TSJ):    0.071ns
    Total Input Jitter      (TIJ):    0.000ns
    Discrete Jitter          (DJ):    0.000ns
    Phase Error              (PE):    0.000ns
  Clock Net Delay (Source):      2.072ns (routing 0.335ns, distribution 1.737ns)
  Clock Net Delay (Destination): 1.698ns (routing 0.309ns, distribution 1.389ns)

    Location             Delay type                Incr(ns)  Path(ns)    Netlist Resource(s)
  -------------------------------------------------------------------    -------------------
                         (clock clk rise edge)        0.000     0.000 r  
    M25                                               0.000     0.000 r  clk (IN)
                         net (fo=0)                   0.000     0.000    clk_IBUF_inst/I
    M25                  INBUF (Prop_INBUF_HRIO_PAD_O)
                                                      0.801     0.801 r  clk_IBUF_inst/INBUF_INST/O
                         net (fo=1, routed)           0.092     0.893    clk_IBUF_inst/OUT
    M25                  IBUFCTRL (Prop_IBUFCTRL_HRIO_I_O)
                                                      0.043     0.936 r  clk_IBUF_inst/IBUFCTRL_INST/O
                         net (fo=1, routed)           0.615     1.551    clk_IBUF
    BUFGCE_X1Y24         BUFGCE (Prop_BUFCE_BUFGCE_I_O)
                                                      0.083     1.634 r  clk_IBUF_BUFG_inst/O
    X2Y1 (CLOCK_ROOT)    net (fo=23531, routed)       2.072     3.706    u_cnn_accelerator_top/u_depthwise_conv_engine/clk_IBUF_BUFG
    SLICE_X36Y146        FDRE                                         r  u_cnn_accelerator_top/u_depthwise_conv_engine/feat_wr_en_reg[4]/C
  -------------------------------------------------------------------    -------------------
    SLICE_X36Y146        FDRE (Prop_EFF_SLICEM_C_Q)
                                                      0.114     3.820 r  u_cnn_accelerator_top/u_depthwise_conv_engine/feat_wr_en_reg[4]/Q
                         net (fo=2, routed)           0.372     4.192    u_cnn_accelerator_top/u_depthwise_conv_engine/dw_feat_wr_en[4]
    SLICE_X36Y146        LUT4 (Prop_E6LUT_SLICEM_I1_O)
                                                      0.117     4.309 r  u_cnn_accelerator_top/u_depthwise_conv_engine/u_bram_a_i_211__4/O
                         net (fo=3, routed)           0.143     4.452    u_cnn_accelerator_top/u_depthwise_conv_engine/u_bram_a_i_211__4_n_0
    SLICE_X37Y146        LUT6 (Prop_H6LUT_SLICEL_I1_O)
                                                      0.116     4.568 r  u_cnn_accelerator_top/u_depthwise_conv_engine/i___185_i_21/O
                         net (fo=108, routed)         0.466     5.034    u_cnn_accelerator_top/u_depthwise_conv_engine/i___185_i_21_n_0
    SLICE_X40Y151        LUT6 (Prop_B6LUT_SLICEM_I1_O)
                                                      0.191     5.225 r  u_cnn_accelerator_top/u_depthwise_conv_engine/i___185_i_15/O
                         net (fo=1, routed)           0.283     5.508    u_cnn_accelerator_top/u_initial_conv_engine/i___185_1
    SLICE_X38Y151        LUT3 (Prop_E5LUT_SLICEM_I2_O)
                                                      0.198     5.706 r  u_cnn_accelerator_top/u_initial_conv_engine/i___185_i_4/O
                         net (fo=109, routed)         0.569     6.275    u_cnn_accelerator_top/u_initial_conv_engine/feat_wr_addr_flat_reg[119]_1
    SLICE_X42Y148        LUT6 (Prop_B6LUT_SLICEM_I3_O)
                                                      0.177     6.452 r  u_cnn_accelerator_top/u_initial_conv_engine/i___397_i_3/O
                         net (fo=2, routed)           0.215     6.667    u_cnn_accelerator_top/u_initial_conv_engine/i___397_i_3_n_0
    SLICE_X42Y145        LUT6 (Prop_B6LUT_SLICEM_I5_O)
                                                      0.119     6.786 r  u_cnn_accelerator_top/u_initial_conv_engine/i___397_i_1/O
                         net (fo=5, routed)           0.591     7.377    u_cnn_accelerator_top/u_initial_conv_engine/feat_wr_addr_flat_reg[127]_1
    SLICE_X40Y154        LUT5 (Prop_C6LUT_SLICEM_I4_O)
                                                      0.072     7.449 r  u_cnn_accelerator_top/u_initial_conv_engine/u_bram_a_i_152__5/O
                         net (fo=4, routed)           0.708     8.157    u_cnn_accelerator_top/u_initial_conv_engine/u_bram_a_i_152__5_n_0
    SLICE_X47Y132        LUT6 (Prop_F6LUT_SLICEL_I5_O)
                                                      0.115     8.272 r  u_cnn_accelerator_top/u_initial_conv_engine/u_bram_a_i_49__1/O
                         net (fo=1, routed)           0.254     8.526    u_cnn_accelerator_top/u_initial_conv_engine/u_bram_a_i_49__1_n_0
    SLICE_X47Y132        LUT6 (Prop_E6LUT_SLICEL_I4_O)
                                                      0.173     8.699 r  u_cnn_accelerator_top/u_initial_conv_engine/u_bram_a_i_3__6/O
                         net (fo=16, routed)          1.211     9.910    u_cnn_accelerator_top/u_feature_buffer/g_bank[0].u_bank_ram/u_bram_b/xpm_memory_base_inst/addra[13]
    RAMB36_X6Y20         RAMB36E2                                     r  u_cnn_accelerator_top/u_feature_buffer/g_bank[0].u_bank_ram/u_bram_b/xpm_memory_base_inst/gen_wr_a.gen_word_narrow.mem_reg_0_2/ADDRARDADDR[13]
  -------------------------------------------------------------------    -------------------

                         (clock clk rise edge)        6.667     6.667 r  
    M25                                               0.000     6.667 r  clk (IN)
                         net (fo=0)                   0.000     6.667    clk_IBUF_inst/I
    M25                  INBUF (Prop_INBUF_HRIO_PAD_O)
                                                      0.588     7.255 r  clk_IBUF_inst/INBUF_INST/O
                         net (fo=1, routed)           0.059     7.314    clk_IBUF_inst/OUT
    M25                  IBUFCTRL (Prop_IBUFCTRL_HRIO_I_O)
                                                      0.032     7.346 r  clk_IBUF_inst/IBUFCTRL_INST/O
                         net (fo=1, routed)           0.524     7.870    clk_IBUF
    BUFGCE_X1Y24         BUFGCE (Prop_BUFCE_BUFGCE_I_O)
                                                      0.075     7.945 r  clk_IBUF_BUFG_inst/O
    X2Y1 (CLOCK_ROOT)    net (fo=23531, routed)       1.698     9.643    u_cnn_accelerator_top/u_feature_buffer/g_bank[0].u_bank_ram/u_bram_b/xpm_memory_base_inst/clka
    RAMB36_X6Y20         RAMB36E2                                     r  u_cnn_accelerator_top/u_feature_buffer/g_bank[0].u_bank_ram/u_bram_b/xpm_memory_base_inst/gen_wr_a.gen_word_narrow.mem_reg_0_2/CLKARDCLK
                         clock pessimism              0.382    10.025    
                         clock uncertainty           -0.035     9.989    
    RAMB36_X6Y20         RAMB36E2 (Setup_RAMB36E2_RAMB36_CLKARDCLK_ADDRARDADDR[13])
                                                     -0.483     9.506    u_cnn_accelerator_top/u_feature_buffer/g_bank[0].u_bank_ram/u_bram_b/xpm_memory_base_inst/gen_wr_a.gen_word_narrow.mem_reg_0_2
  -------------------------------------------------------------------
                         required time                          9.506    
                         arrival time                          -9.910    
  -------------------------------------------------------------------
                         slack                                 -0.403    





Min Delay Paths
--------------------------------------------------------------------------------------
Slack (MET) :             0.015ns  (arrival time - required time)
  Source:                 u_cnn_accelerator_top/u_initial_conv_engine/bn_bias_reg_reg[3][12]/C
                            (rising edge-triggered cell FDRE clocked by clk  {rise@0.000ns fall@3.333ns period=6.667ns})
  Destination:            u_cnn_accelerator_top/u_initial_conv_engine/g_requant[3].u_requant_relu/s3_add_bias_reg[24]/D
                            (rising edge-triggered cell FDRE clocked by clk  {rise@0.000ns fall@3.333ns period=6.667ns})
  Path Group:             clk
  Path Type:              Hold (Min at Fast Process Corner)
  Requirement:            0.000ns  (clk rise@0.000ns - clk rise@0.000ns)
  Data Path Delay:        0.265ns  (logic 0.186ns (70.189%)  route 0.079ns (29.811%))
  Logic Levels:           4  (CARRY8=3 LUT2=1)
  Clock Path Skew:        0.194ns (DCD - SCD - CPR)
    Destination Clock Delay (DCD):    2.198ns
    Source Clock Delay      (SCD):    1.654ns
    Clock Pessimism Removal (CPR):    0.350ns
  Clock Net Delay (Source):      0.878ns (routing 0.127ns, distribution 0.751ns)
  Clock Net Delay (Destination): 1.087ns (routing 0.142ns, distribution 0.945ns)

    Location             Delay type                Incr(ns)  Path(ns)    Netlist Resource(s)
  -------------------------------------------------------------------    -------------------
                         (clock clk rise edge)        0.000     0.000 r  
    M25                                               0.000     0.000 r  clk (IN)
                         net (fo=0)                   0.000     0.000    clk_IBUF_inst/I
    M25                  INBUF (Prop_INBUF_HRIO_PAD_O)
                                                      0.414     0.414 r  clk_IBUF_inst/INBUF_INST/O
                         net (fo=1, routed)           0.025     0.439    clk_IBUF_inst/OUT
    M25                  IBUFCTRL (Prop_IBUFCTRL_HRIO_I_O)
                                                      0.015     0.454 r  clk_IBUF_inst/IBUFCTRL_INST/O
                         net (fo=1, routed)           0.295     0.749    clk_IBUF
    BUFGCE_X1Y24         BUFGCE (Prop_BUFCE_BUFGCE_I_O)
                                                      0.027     0.776 r  clk_IBUF_BUFG_inst/O
    X2Y1 (CLOCK_ROOT)    net (fo=23531, routed)       0.878     1.654    u_cnn_accelerator_top/u_initial_conv_engine/clk_IBUF_BUFG
    SLICE_X85Y118        FDRE                                         r  u_cnn_accelerator_top/u_initial_conv_engine/bn_bias_reg_reg[3][12]/C
  -------------------------------------------------------------------    -------------------
    SLICE_X85Y118        FDRE (Prop_HFF_SLICEL_C_Q)
                                                      0.048     1.702 r  u_cnn_accelerator_top/u_initial_conv_engine/bn_bias_reg_reg[3][12]/Q
                         net (fo=2, routed)           0.068     1.770    u_cnn_accelerator_top/u_initial_conv_engine/g_requant[3].u_requant_relu/s3_add_bias_reg[31]_0[12]
    SLICE_X84Y118        LUT2 (Prop_E6LUT_SLICEL_I1_O)
                                                      0.030     1.800 r  u_cnn_accelerator_top/u_initial_conv_engine/g_requant[3].u_requant_relu/s3_add_bias[15]_i_5/O
                         net (fo=1, routed)           0.001     1.801    u_cnn_accelerator_top_n_8282
    SLICE_X84Y118        CARRY8 (Prop_CARRY8_SLICEL_S[4]_CO[7])
                                                      0.058     1.859 r  u_initial_conv_engine/g_requant[3].u_requant_relu/s3_add_bias_reg[15]_i_1/CO[7]
                         net (fo=1, routed)           0.000     1.859    u_initial_conv_engine/g_requant[3].u_requant_relu/s3_add_bias_reg[15]_i_1_n_0
    SLICE_X84Y119        CARRY8 (Prop_CARRY8_SLICEL_CI_CO[7])
                                                      0.016     1.875 r  u_initial_conv_engine/g_requant[3].u_requant_relu/s3_add_bias_reg[23]_i_1/CO[7]
                         net (fo=1, routed)           0.000     1.875    u_initial_conv_engine/g_requant[3].u_requant_relu/s3_add_bias_reg[23]_i_1_n_0
    SLICE_X84Y120        CARRY8 (Prop_CARRY8_SLICEL_CI_O[0])
                                                      0.034     1.909 r  u_initial_conv_engine/g_requant[3].u_requant_relu/s3_add_bias_reg[31]_i_1/O[0]
                         net (fo=1, routed)           0.010     1.919    u_cnn_accelerator_top/u_initial_conv_engine/g_requant[3].u_requant_relu/s3_add_bias_reg[39]_0[24]
    SLICE_X84Y120        FDRE                                         r  u_cnn_accelerator_top/u_initial_conv_engine/g_requant[3].u_requant_relu/s3_add_bias_reg[24]/D
  -------------------------------------------------------------------    -------------------

                         (clock clk rise edge)        0.000     0.000 r  
    M25                                               0.000     0.000 r  clk (IN)
                         net (fo=0)                   0.000     0.000    clk_IBUF_inst/I
    M25                  INBUF (Prop_INBUF_HRIO_PAD_O)
                                                      0.671     0.671 r  clk_IBUF_inst/INBUF_INST/O
                         net (fo=1, routed)           0.042     0.713    clk_IBUF_inst/OUT
    M25                  IBUFCTRL (Prop_IBUFCTRL_HRIO_I_O)
                                                      0.022     0.735 r  clk_IBUF_inst/IBUFCTRL_INST/O
                         net (fo=1, routed)           0.345     1.080    clk_IBUF
    BUFGCE_X1Y24         BUFGCE (Prop_BUFCE_BUFGCE_I_O)
                                                      0.031     1.111 r  clk_IBUF_BUFG_inst/O
    X2Y1 (CLOCK_ROOT)    net (fo=23531, routed)       1.087     2.198    u_cnn_accelerator_top/u_initial_conv_engine/g_requant[3].u_requant_relu/clk_IBUF_BUFG
    SLICE_X84Y120        FDRE                                         r  u_cnn_accelerator_top/u_initial_conv_engine/g_requant[3].u_requant_relu/s3_add_bias_reg[24]/C
                         clock pessimism             -0.350     1.848    
    SLICE_X84Y120        FDRE (Hold_AFF_SLICEL_C_D)
                                                      0.056     1.904    u_cnn_accelerator_top/u_initial_conv_engine/g_requant[3].u_requant_relu/s3_add_bias_reg[24]
  -------------------------------------------------------------------
                         required time                         -1.904    
                         arrival time                           1.919    
  -------------------------------------------------------------------
                         slack                                  0.015    





Pulse Width Checks
--------------------------------------------------------------------------------------
Clock Name:         clk
Waveform(ns):       { 0.000 3.333 }
Period(ns):         6.667
Sources:            { clk }

Check Type        Corner  Lib Pin             Reference Pin  Required(ns)  Actual(ns)  Slack(ns)  Location      Pin
Min Period        n/a     RAMB36E2/CLKARDCLK  n/a            1.961         6.667       4.706      RAMB36_X8Y16  u_cnn_accelerator_top/u_input_buffer/mem_reg_0/CLKARDCLK
Low Pulse Width   Slow    RAMB36E2/CLKARDCLK  n/a            0.980         3.333       2.353      RAMB36_X8Y16  u_cnn_accelerator_top/u_input_buffer/mem_reg_0/CLKARDCLK
High Pulse Width  Slow    RAMB36E2/CLKARDCLK  n/a            0.980         3.333       2.353      RAMB36_X8Y16  u_cnn_accelerator_top/u_input_buffer/mem_reg_0/CLKARDCLK



